#
# There is insufficient memory for the Java Runtime Environment to continue.
# Native memory allocation (malloc) failed to allocate 1754736 bytes. Error detail: Chunk::new
# Possible reasons:
#   The system is out of physical RAM or swap space
#   This process is running with CompressedOops enabled, and the Java Heap may be blocking the growth of the native heap
# Possible solutions:
#   Reduce memory load on the system
#   Increase physical memory or swap space
#   Check if swap backing store is full
#   Decrease Java heap size (-Xmx/-Xms)
#   Decrease number of Java threads
#   Decrease Java thread stack sizes (-Xss)
#   Set larger code cache with -XX:ReservedCodeCacheSize=
#   JVM is running with Zero Based Compressed Oops mode in which the Java heap is
#     placed in the first 32GB address space. The Java Heap base address is the
#     maximum limit for the native heap growth. Please use -XX:HeapBaseMinAddress
#     to set the Java Heap base and to place the Java Heap above 32GB virtual address.
# This output file may be truncated or incomplete.
#
#  Out of Memory Error (arena.cpp:168), pid=2116, tid=10928
#
# JRE version: OpenJDK Runtime Environment Microsoft-10800203 (21.0.6+7) (build 21.0.6+7-LTS)
# Java VM: OpenJDK 64-Bit Server VM Microsoft-10800203 (21.0.6+7-LTS, mixed mode, sharing, tiered, compressed oops, compressed class ptrs, g1 gc, windows-amd64)
# No core dump will be written. Minidumps are not enabled by default on client versions of Windows
#

---------------  S U M M A R Y ------------

Command Line: -XX:MaxMetaspaceSize=4G -XX:ReservedCodeCacheSize=512m -XX:+HeapDumpOnOutOfMemoryError --add-opens=java.base/java.util=ALL-UNNAMED --add-opens=java.base/java.lang=ALL-UNNAMED --add-opens=java.base/java.lang.invoke=ALL-UNNAMED --add-opens=java.prefs/java.util.prefs=ALL-UNNAMED --add-exports=jdk.compiler/com.sun.tools.javac.api=ALL-UNNAMED --add-exports=jdk.compiler/com.sun.tools.javac.util=ALL-UNNAMED --add-opens=java.base/java.nio.charset=ALL-UNNAMED --add-opens=java.base/java.net=ALL-UNNAMED --add-opens=java.base/java.util.concurrent.atomic=ALL-UNNAMED -Xmx8G -Dfile.encoding=UTF-8 -Duser.country=IN -Duser.language=en -Duser.variant -javaagent:C:\Users\HP\.gradle\wrapper\dists\gradle-8.10.2-all\7iv73wktx1xtkvlq19urqw1wm\gradle-8.10.2\lib\agents\gradle-instrumentation-agent-8.10.2.jar org.gradle.launcher.daemon.bootstrap.GradleDaemon 8.10.2

Host: Intel(R) Core(TM) i5-10210U CPU @ 1.60GHz, 8 cores, 3G,  Windows 11 , 64 bit Build 26100 (10.0.26100.3912)
Time: Wed May 28 10:09:35 2025 India Standard Time elapsed time: 40.789471 seconds (0d 0h 0m 40s)

---------------  T H R E A D  ---------------

Current thread (0x0000016a89ae3e60):  JavaThread "C2 CompilerThread1" daemon [_thread_in_native, id=10928, stack(0x0000002d9c000000,0x0000002d9c100000) (1024K)]


Current CompileTask:
C2:40790 12569       4       org.gradle.internal.operations.DefaultBuildOperationRunner::execute (23 bytes)

Stack: [0x0000002d9c000000,0x0000002d9c100000]
Native frames: (J=compiled Java code, j=interpreted, Vv=VM code, C=native code)
V  [jvm.dll+0x6d4a09]
V  [jvm.dll+0x8af9a1]
V  [jvm.dll+0x8b1ece]
V  [jvm.dll+0x8b25b3]
V  [jvm.dll+0x2804e6]
V  [jvm.dll+0xc522d]
V  [jvm.dll+0xc5763]
V  [jvm.dll+0x3bba2c]
V  [jvm.dll+0x1e0535]
V  [jvm.dll+0x248343]
V  [jvm.dll+0x2477af]
V  [jvm.dll+0x1c799f]
V  [jvm.dll+0x2575d9]
V  [jvm.dll+0x25599a]
V  [jvm.dll+0x3f57c6]
V  [jvm.dll+0x85920b]
V  [jvm.dll+0x6d310d]
C  [ucrtbase.dll+0x37b0]
C  [KERNEL32.DLL+0x2e8d7]
C  [ntdll.dll+0x9c5dc]


---------------  P R O C E S S  ---------------

Threads class SMR info:
_java_thread_list=0x0000016a85d7d710, length=129, elements={
0x0000016a08c23a30, 0x0000016a3ba11af0, 0x0000016a3ba15670, 0x0000016a3ba182e0,
0x0000016a3ba190e0, 0x0000016a3ba1a850, 0x0000016a3ba1c0f0, 0x0000016a3ba28370,
0x0000016a3ba54b50, 0x0000016a3e3b44f0, 0x0000016a3e492e00, 0x0000016a84cac880,
0x0000016a85056410, 0x0000016a8429bbd0, 0x0000016a84d90b20, 0x0000016a3e649450,
0x0000016a844d5f00, 0x0000016a3e85a140, 0x0000016a84252f30, 0x0000016a84254970,
0x0000016a84252210, 0x0000016a84253c50, 0x0000016a842528a0, 0x0000016a842542e0,
0x0000016a84255000, 0x0000016a84251b80, 0x0000016a842535c0, 0x0000016a85bcd770,
0x0000016a85bce490, 0x0000016a85bceb20, 0x0000016a85bcf1b0, 0x0000016a85bcf840,
0x0000016a85bcfed0, 0x0000016a85bcd0e0, 0x0000016a85bd4070, 0x0000016a85bd1910,
0x0000016a85bd0bf0, 0x0000016a85bd2630, 0x0000016a85bd1280, 0x0000016a85bd2cc0,
0x0000016a85bd1fa0, 0x0000016a85bd3350, 0x0000016a85bd39e0, 0x0000016a8699f6d0,
0x0000016a869a03f0, 0x0000016a869a0a80, 0x0000016a8699e320, 0x0000016a8699d600,
0x0000016a8699e9b0, 0x0000016a8699dc90, 0x0000016a8699f040, 0x0000016a8699fd60,
0x0000016a87f1f1f0, 0x0000016a87f1ff10, 0x0000016a87f1f880, 0x0000016a87f212c0,
0x0000016a87f23a20, 0x0000016a87f205a0, 0x0000016a87f20c30, 0x0000016a87f240b0,
0x0000016a87f25af0, 0x0000016a87f24740, 0x0000016a87f24dd0, 0x0000016a87f25460,
0x0000016a87f26180, 0x0000016a880e0ae0, 0x0000016a880dea10, 0x0000016a880e1800,
0x0000016a880dfdc0, 0x0000016a880e0450, 0x0000016a880e1170, 0x0000016a880df0a0,
0x0000016a880de380, 0x0000016a880e1e90, 0x0000016a880e2520, 0x0000016a880e2bb0,
0x0000016a880df730, 0x0000016a880e3240, 0x0000016a880e38d0, 0x0000016a880e3f60,
0x0000016a880e45f0, 0x0000016a880e4c80, 0x0000016a880e5310, 0x0000016a880e59a0,
0x0000016a896a35f0, 0x0000016a896a1520, 0x0000016a896a0e90, 0x0000016a896a28d0,
0x0000016a896a0170, 0x0000016a896a3c80, 0x0000016a896a1bb0, 0x0000016a896a0800,
0x0000016a896a56c0, 0x0000016a896a2240, 0x0000016a896a4310, 0x0000016a896a5030,
0x0000016a896a49a0, 0x0000016a896a5d50, 0x0000016a896a63e0, 0x0000016a896a2f60,
0x0000016a896a7790, 0x0000016a896a6a70, 0x0000016a896a7100, 0x0000016a3e394480,
0x0000016a3e394b10, 0x0000016a3e393df0, 0x0000016a3e3930d0, 0x0000016a3e395830,
0x0000016a3e398620, 0x0000016a3e395ec0, 0x0000016a3e396be0, 0x0000016a3e397900,
0x0000016a3e3951a0, 0x0000016a89602fc0, 0x0000016a89603ce0, 0x0000016a89605090,
0x0000016a89604370, 0x0000016a89604a00, 0x0000016a89601c10, 0x0000016a89602930,
0x0000016a896022a0, 0x0000016a88888690, 0x0000016a88885f30, 0x0000016a88886c50,
0x0000016a888872e0, 0x0000016a88887970, 0x0000016a88888d20, 0x0000016a88888000,
0x0000016a89ae3e60
}

Java Threads: ( => current thread )
  0x0000016a08c23a30 JavaThread "main"                              [_thread_blocked, id=12576, stack(0x0000002d93100000,0x0000002d93200000) (1024K)]
  0x0000016a3ba11af0 JavaThread "Reference Handler"          daemon [_thread_blocked, id=13956, stack(0x0000002d93900000,0x0000002d93a00000) (1024K)]
  0x0000016a3ba15670 JavaThread "Finalizer"                  daemon [_thread_blocked, id=18064, stack(0x0000002d93a00000,0x0000002d93b00000) (1024K)]
  0x0000016a3ba182e0 JavaThread "Signal Dispatcher"          daemon [_thread_blocked, id=3532, stack(0x0000002d93b00000,0x0000002d93c00000) (1024K)]
  0x0000016a3ba190e0 JavaThread "Attach Listener"            daemon [_thread_blocked, id=11132, stack(0x0000002d93c00000,0x0000002d93d00000) (1024K)]
  0x0000016a3ba1a850 JavaThread "Service Thread"             daemon [_thread_blocked, id=19396, stack(0x0000002d93d00000,0x0000002d93e00000) (1024K)]
  0x0000016a3ba1c0f0 JavaThread "Monitor Deflation Thread"   daemon [_thread_blocked, id=8152, stack(0x0000002d93e00000,0x0000002d93f00000) (1024K)]
  0x0000016a3ba28370 JavaThread "C2 CompilerThread0"         daemon [_thread_in_native, id=11596, stack(0x0000002d93f00000,0x0000002d94000000) (1024K)]
  0x0000016a3ba54b50 JavaThread "C1 CompilerThread0"         daemon [_thread_blocked, id=5900, stack(0x0000002d94000000,0x0000002d94100000) (1024K)]
  0x0000016a3e3b44f0 JavaThread "Common-Cleaner"             daemon [_thread_blocked, id=15072, stack(0x0000002d94100000,0x0000002d94200000) (1024K)]
  0x0000016a3e492e00 JavaThread "Notification Thread"        daemon [_thread_blocked, id=15976, stack(0x0000002d94200000,0x0000002d94300000) (1024K)]
  0x0000016a84cac880 JavaThread "Daemon health stats"               [_thread_blocked, id=18484, stack(0x0000002d94800000,0x0000002d94900000) (1024K)]
  0x0000016a85056410 JavaThread "Incoming local TCP Connector on port 63612"        [_thread_in_native, id=3448, stack(0x0000002d94c00000,0x0000002d94d00000) (1024K)]
  0x0000016a8429bbd0 JavaThread "Daemon periodic checks"            [_thread_blocked, id=17292, stack(0x0000002d94d00000,0x0000002d94e00000) (1024K)]
  0x0000016a84d90b20 JavaThread "Daemon"                            [_thread_blocked, id=12044, stack(0x0000002d94e00000,0x0000002d94f00000) (1024K)]
  0x0000016a3e649450 JavaThread "Handler for socket connection from /127.0.0.1:63612 to /127.0.0.1:63613"        [_thread_in_native, id=19304, stack(0x0000002d94f00000,0x0000002d95000000) (1024K)]
  0x0000016a844d5f00 JavaThread "Cancel handler"                    [_thread_blocked, id=15604, stack(0x0000002d95000000,0x0000002d95100000) (1024K)]
  0x0000016a3e85a140 JavaThread "Daemon worker"                     [_thread_in_vm, id=2800, stack(0x0000002d95100000,0x0000002d95200000) (1024K)]
  0x0000016a84252f30 JavaThread "Asynchronous log dispatcher for DefaultDaemonConnection: socket connection from /127.0.0.1:63612 to /127.0.0.1:63613"        [_thread_blocked, id=11240, stack(0x0000002d95200000,0x0000002d95300000) (1024K)]
  0x0000016a84254970 JavaThread "Stdin handler"                     [_thread_blocked, id=10572, stack(0x0000002d95300000,0x0000002d95400000) (1024K)]
  0x0000016a84252210 JavaThread "Daemon client event forwarder"        [_thread_blocked, id=3180, stack(0x0000002d95400000,0x0000002d95500000) (1024K)]
  0x0000016a84253c50 JavaThread "Cache worker for journal cache (C:\Users\HP\.gradle\caches\journal-1)"        [_thread_blocked, id=8796, stack(0x0000002d94700000,0x0000002d94800000) (1024K)]
  0x0000016a842528a0 JavaThread "File lock request listener"        [_thread_in_native, id=9344, stack(0x0000002d95500000,0x0000002d95600000) (1024K)]
  0x0000016a842542e0 JavaThread "Cache worker for file hash cache (C:\Users\HP\.gradle\caches\8.10.2\fileHashes)"        [_thread_blocked, id=3984, stack(0x0000002d95600000,0x0000002d95700000) (1024K)]
  0x0000016a84255000 JavaThread "Cache worker for file hash cache (C:\Users\HP\Travelitin-Final\travelitin_services\travelitin\android\.gradle\8.10.2\fileHashes)"        [_thread_blocked, id=10392, stack(0x0000002d95900000,0x0000002d95a00000) (1024K)]
  0x0000016a84251b80 JavaThread "Cache worker for Build Output Cleanup Cache (C:\Users\HP\Travelitin-Final\travelitin_services\travelitin\android\.gradle\buildOutputCleanup)"        [_thread_blocked, id=16736, stack(0x0000002d95a00000,0x0000002d95b00000) (1024K)]
  0x0000016a842535c0 JavaThread "File watcher server"        daemon [_thread_in_native, id=18828, stack(0x0000002d95b00000,0x0000002d95c00000) (1024K)]
  0x0000016a85bcd770 JavaThread "File watcher consumer"      daemon [_thread_blocked, id=15040, stack(0x0000002d95c00000,0x0000002d95d00000) (1024K)]
  0x0000016a85bce490 JavaThread "Cache worker for checksums cache (C:\Users\HP\Travelitin-Final\travelitin_services\travelitin\android\.gradle\8.10.2\checksums)"        [_thread_blocked, id=9824, stack(0x0000002d95d00000,0x0000002d95e00000) (1024K)]
  0x0000016a85bceb20 JavaThread "Cache worker for file content cache (C:\Users\HP\.gradle\caches\8.10.2\fileContent)"        [_thread_blocked, id=16004, stack(0x0000002d95e00000,0x0000002d95f00000) (1024K)]
  0x0000016a85bcf1b0 JavaThread "Cache worker for cache directory md-rule (C:\Users\HP\.gradle\caches\8.10.2\md-rule)"        [_thread_blocked, id=14608, stack(0x0000002d95f00000,0x0000002d96000000) (1024K)]
  0x0000016a85bcf840 JavaThread "Cache worker for cache directory md-supplier (C:\Users\HP\.gradle\caches\8.10.2\md-supplier)"        [_thread_blocked, id=6596, stack(0x0000002d96000000,0x0000002d96100000) (1024K)]
  0x0000016a85bcfed0 JavaThread "Cache worker for Build Output Cleanup Cache (C:\Flutter\src\flutter\packages\flutter_tools\gradle\.gradle\buildOutputCleanup)"        [_thread_blocked, id=17804, stack(0x0000002d96100000,0x0000002d96200000) (1024K)]
  0x0000016a85bcd0e0 JavaThread "Unconstrained build operations"        [_thread_blocked, id=8844, stack(0x0000002d96200000,0x0000002d96300000) (1024K)]
  0x0000016a85bd4070 JavaThread "Unconstrained build operations Thread 2"        [_thread_blocked, id=15020, stack(0x0000002d96300000,0x0000002d96400000) (1024K)]
  0x0000016a85bd1910 JavaThread "Unconstrained build operations Thread 3"        [_thread_blocked, id=10312, stack(0x0000002d96400000,0x0000002d96500000) (1024K)]
  0x0000016a85bd0bf0 JavaThread "Unconstrained build operations Thread 4"        [_thread_blocked, id=8256, stack(0x0000002d96500000,0x0000002d96600000) (1024K)]
  0x0000016a85bd2630 JavaThread "Unconstrained build operations Thread 5"        [_thread_blocked, id=8036, stack(0x0000002d96600000,0x0000002d96700000) (1024K)]
  0x0000016a85bd1280 JavaThread "Unconstrained build operations Thread 6"        [_thread_blocked, id=8652, stack(0x0000002d96700000,0x0000002d96800000) (1024K)]
  0x0000016a85bd2cc0 JavaThread "Unconstrained build operations Thread 7"        [_thread_blocked, id=12872, stack(0x0000002d96800000,0x0000002d96900000) (1024K)]
  0x0000016a85bd1fa0 JavaThread "Unconstrained build operations Thread 8"        [_thread_blocked, id=2764, stack(0x0000002d96900000,0x0000002d96a00000) (1024K)]
  0x0000016a85bd3350 JavaThread "Unconstrained build operations Thread 9"        [_thread_blocked, id=15584, stack(0x0000002d96a00000,0x0000002d96b00000) (1024K)]
  0x0000016a85bd39e0 JavaThread "Unconstrained build operations Thread 10"        [_thread_blocked, id=19008, stack(0x0000002d96b00000,0x0000002d96c00000) (1024K)]
  0x0000016a8699f6d0 JavaThread "Unconstrained build operations Thread 11"        [_thread_blocked, id=3440, stack(0x0000002d96c00000,0x0000002d96d00000) (1024K)]
  0x0000016a869a03f0 JavaThread "Unconstrained build operations Thread 12"        [_thread_blocked, id=816, stack(0x0000002d96d00000,0x0000002d96e00000) (1024K)]
  0x0000016a869a0a80 JavaThread "Unconstrained build operations Thread 13"        [_thread_blocked, id=3920, stack(0x0000002d96e00000,0x0000002d96f00000) (1024K)]
  0x0000016a8699e320 JavaThread "Unconstrained build operations Thread 14"        [_thread_blocked, id=10360, stack(0x0000002d96f00000,0x0000002d97000000) (1024K)]
  0x0000016a8699d600 JavaThread "Unconstrained build operations Thread 15"        [_thread_blocked, id=10620, stack(0x0000002d97000000,0x0000002d97100000) (1024K)]
  0x0000016a8699e9b0 JavaThread "Unconstrained build operations Thread 16"        [_thread_blocked, id=11276, stack(0x0000002d97100000,0x0000002d97200000) (1024K)]
  0x0000016a8699dc90 JavaThread "Unconstrained build operations Thread 17"        [_thread_blocked, id=1836, stack(0x0000002d97200000,0x0000002d97300000) (1024K)]
  0x0000016a8699f040 JavaThread "Unconstrained build operations Thread 18"        [_thread_blocked, id=16076, stack(0x0000002d97300000,0x0000002d97400000) (1024K)]
  0x0000016a8699fd60 JavaThread "Unconstrained build operations Thread 19"        [_thread_blocked, id=9792, stack(0x0000002d97400000,0x0000002d97500000) (1024K)]
  0x0000016a87f1f1f0 JavaThread "Unconstrained build operations Thread 20"        [_thread_blocked, id=11116, stack(0x0000002d97500000,0x0000002d97600000) (1024K)]
  0x0000016a87f1ff10 JavaThread "Unconstrained build operations Thread 21"        [_thread_blocked, id=19120, stack(0x0000002d97600000,0x0000002d97700000) (1024K)]
  0x0000016a87f1f880 JavaThread "Memory manager"                    [_thread_blocked, id=5592, stack(0x0000002d97700000,0x0000002d97800000) (1024K)]
  0x0000016a87f212c0 JavaThread "build event listener"              [_thread_blocked, id=14500, stack(0x0000002d95700000,0x0000002d95800000) (1024K)]
  0x0000016a87f23a20 JavaThread "included builds"                   [_thread_blocked, id=10892, stack(0x0000002d97800000,0x0000002d97900000) (1024K)]
  0x0000016a87f205a0 JavaThread "Execution worker"                  [_thread_blocked, id=11144, stack(0x0000002d97900000,0x0000002d97a00000) (1024K)]
  0x0000016a87f20c30 JavaThread "Execution worker Thread 2"         [_thread_blocked, id=10868, stack(0x0000002d97a00000,0x0000002d97b00000) (1024K)]
  0x0000016a87f240b0 JavaThread "Execution worker Thread 3"         [_thread_blocked, id=12372, stack(0x0000002d97b00000,0x0000002d97c00000) (1024K)]
  0x0000016a87f25af0 JavaThread "Execution worker Thread 4"         [_thread_blocked, id=3392, stack(0x0000002d97c00000,0x0000002d97d00000) (1024K)]
  0x0000016a87f24740 JavaThread "Execution worker Thread 5"         [_thread_blocked, id=3724, stack(0x0000002d97d00000,0x0000002d97e00000) (1024K)]
  0x0000016a87f24dd0 JavaThread "Execution worker Thread 6"         [_thread_blocked, id=4984, stack(0x0000002d97e00000,0x0000002d97f00000) (1024K)]
  0x0000016a87f25460 JavaThread "Execution worker Thread 7"         [_thread_blocked, id=16320, stack(0x0000002d97f00000,0x0000002d98000000) (1024K)]
  0x0000016a87f26180 JavaThread "Cache worker for execution history cache (C:\Flutter\src\flutter\packages\flutter_tools\gradle\.gradle\8.10.2\executionHistory)"        [_thread_blocked, id=16092, stack(0x0000002d98100000,0x0000002d98200000) (1024K)]
  0x0000016a880e0ae0 JavaThread "Unconstrained build operations Thread 22"        [_thread_blocked, id=17476, stack(0x0000002d98200000,0x0000002d98300000) (1024K)]
  0x0000016a880dea10 JavaThread "Unconstrained build operations Thread 23"        [_thread_blocked, id=7460, stack(0x0000002d98300000,0x0000002d98400000) (1024K)]
  0x0000016a880e1800 JavaThread "Unconstrained build operations Thread 24"        [_thread_blocked, id=15568, stack(0x0000002d98400000,0x0000002d98500000) (1024K)]
  0x0000016a880dfdc0 JavaThread "Unconstrained build operations Thread 25"        [_thread_blocked, id=13488, stack(0x0000002d98500000,0x0000002d98600000) (1024K)]
  0x0000016a880e0450 JavaThread "Unconstrained build operations Thread 26"        [_thread_blocked, id=4492, stack(0x0000002d98600000,0x0000002d98700000) (1024K)]
  0x0000016a880e1170 JavaThread "Unconstrained build operations Thread 27"        [_thread_blocked, id=12428, stack(0x0000002d98700000,0x0000002d98800000) (1024K)]
  0x0000016a880df0a0 JavaThread "Unconstrained build operations Thread 28"        [_thread_blocked, id=3500, stack(0x0000002d98800000,0x0000002d98900000) (1024K)]
  0x0000016a880de380 JavaThread "Unconstrained build operations Thread 29"        [_thread_blocked, id=14784, stack(0x0000002d98900000,0x0000002d98a00000) (1024K)]
  0x0000016a880e1e90 JavaThread "Unconstrained build operations Thread 30"        [_thread_blocked, id=12772, stack(0x0000002d98a00000,0x0000002d98b00000) (1024K)]
  0x0000016a880e2520 JavaThread "Unconstrained build operations Thread 31"        [_thread_blocked, id=9800, stack(0x0000002d98b00000,0x0000002d98c00000) (1024K)]
  0x0000016a880e2bb0 JavaThread "Unconstrained build operations Thread 32"        [_thread_blocked, id=14364, stack(0x0000002d98c00000,0x0000002d98d00000) (1024K)]
  0x0000016a880df730 JavaThread "Unconstrained build operations Thread 33"        [_thread_blocked, id=18980, stack(0x0000002d98d00000,0x0000002d98e00000) (1024K)]
  0x0000016a880e3240 JavaThread "Unconstrained build operations Thread 34"        [_thread_blocked, id=11604, stack(0x0000002d98e00000,0x0000002d98f00000) (1024K)]
  0x0000016a880e38d0 JavaThread "Unconstrained build operations Thread 35"        [_thread_blocked, id=17552, stack(0x0000002d98f00000,0x0000002d99000000) (1024K)]
  0x0000016a880e3f60 JavaThread "Unconstrained build operations Thread 36"        [_thread_blocked, id=15856, stack(0x0000002d99000000,0x0000002d99100000) (1024K)]
  0x0000016a880e45f0 JavaThread "Unconstrained build operations Thread 37"        [_thread_blocked, id=17232, stack(0x0000002d99100000,0x0000002d99200000) (1024K)]
  0x0000016a880e4c80 JavaThread "Unconstrained build operations Thread 38"        [_thread_blocked, id=6552, stack(0x0000002d99200000,0x0000002d99300000) (1024K)]
  0x0000016a880e5310 JavaThread "Unconstrained build operations Thread 39"        [_thread_blocked, id=17092, stack(0x0000002d99300000,0x0000002d99400000) (1024K)]
  0x0000016a880e59a0 JavaThread "Unconstrained build operations Thread 40"        [_thread_blocked, id=6952, stack(0x0000002d99400000,0x0000002d99500000) (1024K)]
  0x0000016a896a35f0 JavaThread "Unconstrained build operations Thread 41"        [_thread_blocked, id=10512, stack(0x0000002d99500000,0x0000002d99600000) (1024K)]
  0x0000016a896a1520 JavaThread "Unconstrained build operations Thread 42"        [_thread_blocked, id=11836, stack(0x0000002d99600000,0x0000002d99700000) (1024K)]
  0x0000016a896a0e90 JavaThread "Unconstrained build operations Thread 43"        [_thread_blocked, id=16352, stack(0x0000002d99700000,0x0000002d99800000) (1024K)]
  0x0000016a896a28d0 JavaThread "Unconstrained build operations Thread 44"        [_thread_blocked, id=13668, stack(0x0000002d99800000,0x0000002d99900000) (1024K)]
  0x0000016a896a0170 JavaThread "Unconstrained build operations Thread 45"        [_thread_blocked, id=10356, stack(0x0000002d99900000,0x0000002d99a00000) (1024K)]
  0x0000016a896a3c80 JavaThread "Unconstrained build operations Thread 46"        [_thread_blocked, id=1968, stack(0x0000002d99a00000,0x0000002d99b00000) (1024K)]
  0x0000016a896a1bb0 JavaThread "Unconstrained build operations Thread 47"        [_thread_blocked, id=11052, stack(0x0000002d99b00000,0x0000002d99c00000) (1024K)]
  0x0000016a896a0800 JavaThread "Unconstrained build operations Thread 48"        [_thread_blocked, id=3776, stack(0x0000002d99c00000,0x0000002d99d00000) (1024K)]
  0x0000016a896a56c0 JavaThread "Unconstrained build operations Thread 49"        [_thread_blocked, id=14464, stack(0x0000002d99d00000,0x0000002d99e00000) (1024K)]
  0x0000016a896a2240 JavaThread "Unconstrained build operations Thread 50"        [_thread_blocked, id=19376, stack(0x0000002d99e00000,0x0000002d99f00000) (1024K)]
  0x0000016a896a4310 JavaThread "Unconstrained build operations Thread 51"        [_thread_blocked, id=16184, stack(0x0000002d99f00000,0x0000002d9a000000) (1024K)]
  0x0000016a896a5030 JavaThread "Unconstrained build operations Thread 52"        [_thread_blocked, id=18732, stack(0x0000002d9a000000,0x0000002d9a100000) (1024K)]
  0x0000016a896a49a0 JavaThread "Unconstrained build operations Thread 53"        [_thread_blocked, id=1192, stack(0x0000002d9a100000,0x0000002d9a200000) (1024K)]
  0x0000016a896a5d50 JavaThread "Unconstrained build operations Thread 54"        [_thread_blocked, id=16136, stack(0x0000002d9a200000,0x0000002d9a300000) (1024K)]
  0x0000016a896a63e0 JavaThread "Unconstrained build operations Thread 55"        [_thread_blocked, id=6084, stack(0x0000002d9a300000,0x0000002d9a400000) (1024K)]
  0x0000016a896a2f60 JavaThread "Unconstrained build operations Thread 56"        [_thread_blocked, id=11084, stack(0x0000002d9a400000,0x0000002d9a500000) (1024K)]
  0x0000016a896a7790 JavaThread "Unconstrained build operations Thread 57"        [_thread_blocked, id=9256, stack(0x0000002d9a500000,0x0000002d9a600000) (1024K)]
  0x0000016a896a6a70 JavaThread "Unconstrained build operations Thread 58"        [_thread_blocked, id=8432, stack(0x0000002d9a600000,0x0000002d9a700000) (1024K)]
  0x0000016a896a7100 JavaThread "Unconstrained build operations Thread 59"        [_thread_blocked, id=1376, stack(0x0000002d9a700000,0x0000002d9a800000) (1024K)]
  0x0000016a3e394480 JavaThread "Unconstrained build operations Thread 60"        [_thread_blocked, id=6296, stack(0x0000002d9a800000,0x0000002d9a900000) (1024K)]
  0x0000016a3e394b10 JavaThread "Unconstrained build operations Thread 61"        [_thread_blocked, id=7224, stack(0x0000002d9a900000,0x0000002d9aa00000) (1024K)]
  0x0000016a3e393df0 JavaThread "Unconstrained build operations Thread 62"        [_thread_blocked, id=16388, stack(0x0000002d9aa00000,0x0000002d9ab00000) (1024K)]
  0x0000016a3e3930d0 JavaThread "Unconstrained build operations Thread 63"        [_thread_blocked, id=17996, stack(0x0000002d9ab00000,0x0000002d9ac00000) (1024K)]
  0x0000016a3e395830 JavaThread "Unconstrained build operations Thread 64"        [_thread_blocked, id=10460, stack(0x0000002d9ac00000,0x0000002d9ad00000) (1024K)]
  0x0000016a3e398620 JavaThread "Unconstrained build operations Thread 65"        [_thread_blocked, id=5424, stack(0x0000002d9ad00000,0x0000002d9ae00000) (1024K)]
  0x0000016a3e395ec0 JavaThread "Unconstrained build operations Thread 66"        [_thread_blocked, id=18056, stack(0x0000002d9ae00000,0x0000002d9af00000) (1024K)]
  0x0000016a3e396be0 JavaThread "Unconstrained build operations Thread 67"        [_thread_blocked, id=11672, stack(0x0000002d9af00000,0x0000002d9b000000) (1024K)]
  0x0000016a3e397900 JavaThread "jar transforms"                    [_thread_blocked, id=3408, stack(0x0000002d9b000000,0x0000002d9b100000) (1024K)]
  0x0000016a3e3951a0 JavaThread "jar transforms Thread 2"           [_thread_blocked, id=17272, stack(0x0000002d98000000,0x0000002d98100000) (1024K)]
  0x0000016a89602fc0 JavaThread "jar transforms Thread 3"           [_thread_blocked, id=14992, stack(0x0000002d9b100000,0x0000002d9b200000) (1024K)]
  0x0000016a89603ce0 JavaThread "jar transforms Thread 4"           [_thread_blocked, id=11840, stack(0x0000002d9b200000,0x0000002d9b300000) (1024K)]
  0x0000016a89605090 JavaThread "Unconstrained build operations Thread 68"        [_thread_blocked, id=14180, stack(0x0000002d9b300000,0x0000002d9b400000) (1024K)]
  0x0000016a89604370 JavaThread "Unconstrained build operations Thread 69"        [_thread_blocked, id=19068, stack(0x0000002d9b400000,0x0000002d9b500000) (1024K)]
  0x0000016a89604a00 JavaThread "Unconstrained build operations Thread 70"        [_thread_blocked, id=14772, stack(0x0000002d9b500000,0x0000002d9b600000) (1024K)]
  0x0000016a89601c10 JavaThread "Unconstrained build operations Thread 71"        [_thread_blocked, id=13768, stack(0x0000002d9b600000,0x0000002d9b700000) (1024K)]
  0x0000016a89602930 JavaThread "Unconstrained build operations Thread 72"        [_thread_blocked, id=13564, stack(0x0000002d9b700000,0x0000002d9b800000) (1024K)]
  0x0000016a896022a0 JavaThread "Unconstrained build operations Thread 73"        [_thread_blocked, id=15484, stack(0x0000002d9b800000,0x0000002d9b900000) (1024K)]
  0x0000016a88888690 JavaThread "Unconstrained build operations Thread 74"        [_thread_blocked, id=16572, stack(0x0000002d9b900000,0x0000002d9ba00000) (1024K)]
  0x0000016a88885f30 JavaThread "Unconstrained build operations Thread 75"        [_thread_blocked, id=15336, stack(0x0000002d9ba00000,0x0000002d9bb00000) (1024K)]
  0x0000016a88886c50 JavaThread "Unconstrained build operations Thread 76"        [_thread_blocked, id=13344, stack(0x0000002d9bb00000,0x0000002d9bc00000) (1024K)]
  0x0000016a888872e0 JavaThread "Unconstrained build operations Thread 77"        [_thread_blocked, id=8476, stack(0x0000002d9bc00000,0x0000002d9bd00000) (1024K)]
  0x0000016a88887970 JavaThread "Unconstrained build operations Thread 78"        [_thread_blocked, id=5240, stack(0x0000002d9bd00000,0x0000002d9be00000) (1024K)]
  0x0000016a88888d20 JavaThread "Unconstrained build operations Thread 79"        [_thread_blocked, id=11096, stack(0x0000002d9be00000,0x0000002d9bf00000) (1024K)]
  0x0000016a88888000 JavaThread "Unconstrained build operations Thread 80"        [_thread_blocked, id=3696, stack(0x0000002d9bf00000,0x0000002d9c000000) (1024K)]
=>0x0000016a89ae3e60 JavaThread "C2 CompilerThread1"         daemon [_thread_in_native, id=10928, stack(0x0000002d9c000000,0x0000002d9c100000) (1024K)]
Total: 129

Other Threads:
  0x0000016a06760730 VMThread "VM Thread"                           [id=18596, stack(0x0000002d93800000,0x0000002d93900000) (1024K)]
  0x0000016a3b9e20d0 WatcherThread "VM Periodic Task Thread"        [id=3368, stack(0x0000002d93700000,0x0000002d93800000) (1024K)]
  0x0000016a06761950 WorkerThread "GC Thread#0"                     [id=10248, stack(0x0000002d93200000,0x0000002d93300000) (1024K)]
  0x0000016a0675fff0 WorkerThread "GC Thread#1"                     [id=14060, stack(0x0000002d94300000,0x0000002d94400000) (1024K)]
  0x0000016a06760ad0 WorkerThread "GC Thread#2"                     [id=11024, stack(0x0000002d94400000,0x0000002d94500000) (1024K)]
  0x0000016a06760e70 WorkerThread "GC Thread#3"                     [id=11704, stack(0x0000002d94500000,0x0000002d94600000) (1024K)]
  0x0000016a3eeaaaf0 WorkerThread "GC Thread#4"                     [id=9936, stack(0x0000002d94600000,0x0000002d94700000) (1024K)]
  0x0000016a3eeaae90 WorkerThread "GC Thread#5"                     [id=17772, stack(0x0000002d94900000,0x0000002d94a00000) (1024K)]
  0x0000016a3eea9190 WorkerThread "GC Thread#6"                     [id=1220, stack(0x0000002d94a00000,0x0000002d94b00000) (1024K)]
  0x0000016a3eeab230 WorkerThread "GC Thread#7"                     [id=780, stack(0x0000002d94b00000,0x0000002d94c00000) (1024K)]
  0x0000016a08cde3e0 ConcurrentGCThread "G1 Main Marker"            [id=10264, stack(0x0000002d93300000,0x0000002d93400000) (1024K)]
  0x0000016a067615b0 WorkerThread "G1 Conc#0"                       [id=10092, stack(0x0000002d93400000,0x0000002d93500000) (1024K)]
  0x0000016a3eeac450 WorkerThread "G1 Conc#1"                       [id=8900, stack(0x0000002d95800000,0x0000002d95900000) (1024K)]
  0x0000016a3b8a8700 ConcurrentGCThread "G1 Refine#0"               [id=15172, stack(0x0000002d93500000,0x0000002d93600000) (1024K)]
  0x0000016a3b8aaf30 ConcurrentGCThread "G1 Service"                [id=1068, stack(0x0000002d93600000,0x0000002d93700000) (1024K)]
Total: 15

Threads with active compile tasks:
C2 CompilerThread0  40890 12578       4       org.gradle.internal.logging.progress.DefaultProgressLoggerFactory$ProgressLoggerImpl::started (191 bytes)
C2 CompilerThread1  40890 12569       4       org.gradle.internal.operations.DefaultBuildOperationRunner::execute (23 bytes)
Total: 2

VM state: not at safepoint (normal execution)

VM Mutex/Monitor currently owned by a thread: None

Heap address: 0x0000000600000000, size: 8192 MB, Compressed Oops mode: Zero based, Oop shift amount: 3

CDS archive(s) mapped at: [0x0000016a3f000000-0x0000016a3fc80000-0x0000016a3fc80000), size 13107200, SharedBaseAddress: 0x0000016a3f000000, ArchiveRelocationMode: 1.
Compressed class space mapped at: 0x0000016a40000000-0x0000016a80000000, reserved size: 1073741824
Narrow klass base: 0x0000016a3f000000, Narrow klass shift: 0, Narrow klass range: 0x100000000

GC Precious Log:
 CardTable entry size: 512
 Card Set container configuration: InlinePtr #cards 4 size 8 Array Of Cards #cards 32 size 80 Howl #buckets 8 coarsen threshold 7372 Howl Bitmap #cards 1024 size 144 coarsen threshold 921 Card regions per heap region 1 cards per card region 8192
 CPUs: 8 total, 8 available
 Memory: 3899M
 Large Page Support: Disabled
 NUMA Support: Disabled
 Compressed Oops: Enabled (Zero based)
 Heap Region Size: 4M
 Heap Min Capacity: 8M
 Heap Initial Capacity: 64M
 Heap Max Capacity: 8G
 Pre-touch: Disabled
 Parallel Workers: 8
 Concurrent Workers: 2
 Concurrent Refinement Workers: 8
 Periodic GC: Disabled

Heap:
 garbage-first heap   total 241664K, used 188427K [0x0000000600000000, 0x0000000800000000)
  region size 4096K, 12 young (49152K), 1 survivors (4096K)
 Metaspace       used 96487K, committed 98752K, reserved 1179648K
  class space    used 13484K, committed 14592K, reserved 1048576K

Heap Regions: E=young(eden), S=young(survivor), O=old, HS=humongous(starts), HC=humongous(continues), CS=collection set, F=free, TAMS=top-at-mark-start, PB=parsable bottom
|   0|0x0000000600000000, 0x0000000600400000, 0x0000000600400000|100%|HS|  |TAMS 0x0000000600000000| PB 0x0000000600000000| Complete 
|   1|0x0000000600400000, 0x0000000600800000, 0x0000000600800000|100%| O|  |TAMS 0x0000000600400000| PB 0x0000000600400000| Untracked 
|   2|0x0000000600800000, 0x0000000600c00000, 0x0000000600c00000|100%| O|  |TAMS 0x0000000600800000| PB 0x0000000600800000| Untracked 
|   3|0x0000000600c00000, 0x0000000601000000, 0x0000000601000000|100%| O|  |TAMS 0x0000000600c00000| PB 0x0000000600c00000| Untracked 
|   4|0x0000000601000000, 0x0000000601400000, 0x0000000601400000|100%| O|  |TAMS 0x0000000601000000| PB 0x0000000601000000| Untracked 
|   5|0x0000000601400000, 0x0000000601800000, 0x0000000601800000|100%| O|  |TAMS 0x0000000601400000| PB 0x0000000601400000| Untracked 
|   6|0x0000000601800000, 0x0000000601c00000, 0x0000000601c00000|100%| O|  |TAMS 0x0000000601800000| PB 0x0000000601800000| Untracked 
|   7|0x0000000601c00000, 0x0000000602000000, 0x0000000602000000|100%| O|  |TAMS 0x0000000601c00000| PB 0x0000000601c00000| Untracked 
|   8|0x0000000602000000, 0x0000000602400000, 0x0000000602400000|100%| O|  |TAMS 0x0000000602000000| PB 0x0000000602000000| Untracked 
|   9|0x0000000602400000, 0x0000000602800000, 0x0000000602800000|100%| O|  |TAMS 0x0000000602400000| PB 0x0000000602400000| Untracked 
|  10|0x0000000602800000, 0x0000000602c00000, 0x0000000602c00000|100%|HS|  |TAMS 0x0000000602800000| PB 0x0000000602800000| Complete 
|  11|0x0000000602c00000, 0x0000000603000000, 0x0000000603000000|100%| O|  |TAMS 0x0000000602c00000| PB 0x0000000602c00000| Untracked 
|  12|0x0000000603000000, 0x0000000603400000, 0x0000000603400000|100%| O|  |TAMS 0x0000000603000000| PB 0x0000000603000000| Untracked 
|  13|0x0000000603400000, 0x0000000603400000, 0x0000000603800000|  0%| F|  |TAMS 0x0000000603400000| PB 0x0000000603400000| Untracked 
|  14|0x0000000603800000, 0x0000000603c00000, 0x0000000603c00000|100%|HS|  |TAMS 0x0000000603800000| PB 0x0000000603800000| Complete 
|  15|0x0000000603c00000, 0x0000000604000000, 0x0000000604000000|100%|HS|  |TAMS 0x0000000603c00000| PB 0x0000000603c00000| Complete 
|  16|0x0000000604000000, 0x0000000604400000, 0x0000000604400000|100%| O|  |TAMS 0x0000000604000000| PB 0x0000000604000000| Untracked 
|  17|0x0000000604400000, 0x0000000604800000, 0x0000000604800000|100%| O|  |TAMS 0x0000000604400000| PB 0x0000000604400000| Untracked 
|  18|0x0000000604800000, 0x0000000604c00000, 0x0000000604c00000|100%| O|  |TAMS 0x0000000604800000| PB 0x0000000604800000| Untracked 
|  19|0x0000000604c00000, 0x0000000605000000, 0x0000000605000000|100%| O|  |TAMS 0x0000000604c00000| PB 0x0000000604c00000| Untracked 
|  20|0x0000000605000000, 0x0000000605400000, 0x0000000605400000|100%|HS|  |TAMS 0x0000000605000000| PB 0x0000000605000000| Complete 
|  21|0x0000000605400000, 0x0000000605800000, 0x0000000605800000|100%| O|  |TAMS 0x0000000605400000| PB 0x0000000605400000| Untracked 
|  22|0x0000000605800000, 0x0000000605c00000, 0x0000000605c00000|100%| O|  |TAMS 0x0000000605800000| PB 0x0000000605800000| Untracked 
|  23|0x0000000605c00000, 0x0000000606000000, 0x0000000606000000|100%| O|  |TAMS 0x0000000605c00000| PB 0x0000000605c00000| Untracked 
|  24|0x0000000606000000, 0x0000000606000000, 0x0000000606400000|  0%| F|  |TAMS 0x0000000606000000| PB 0x0000000606000000| Untracked 
|  25|0x0000000606400000, 0x0000000606800000, 0x0000000606800000|100%| O|  |TAMS 0x0000000606400000| PB 0x0000000606400000| Untracked 
|  26|0x0000000606800000, 0x0000000606c00000, 0x0000000606c00000|100%| O|  |TAMS 0x0000000606800000| PB 0x0000000606800000| Untracked 
|  27|0x0000000606c00000, 0x0000000607000000, 0x0000000607000000|100%| O|  |TAMS 0x0000000606c00000| PB 0x0000000606c00000| Untracked 
|  28|0x0000000607000000, 0x0000000607400000, 0x0000000607400000|100%| O|  |TAMS 0x0000000607000000| PB 0x0000000607000000| Untracked 
|  29|0x0000000607400000, 0x0000000607800000, 0x0000000607800000|100%| O|  |TAMS 0x0000000607400000| PB 0x0000000607400000| Untracked 
|  30|0x0000000607800000, 0x0000000607c00000, 0x0000000607c00000|100%| O|  |TAMS 0x0000000607800000| PB 0x0000000607800000| Untracked 
|  31|0x0000000607c00000, 0x0000000608000000, 0x0000000608000000|100%|HS|  |TAMS 0x0000000607c00000| PB 0x0000000607c00000| Complete 
|  32|0x0000000608000000, 0x0000000608400000, 0x0000000608400000|100%| O|  |TAMS 0x0000000608000000| PB 0x0000000608000000| Untracked 
|  33|0x0000000608400000, 0x0000000608800000, 0x0000000608800000|100%| O|  |TAMS 0x0000000608400000| PB 0x0000000608400000| Untracked 
|  34|0x0000000608800000, 0x0000000608c00000, 0x0000000608c00000|100%| O|  |TAMS 0x0000000608800000| PB 0x0000000608800000| Untracked 
|  35|0x0000000608c00000, 0x0000000609000000, 0x0000000609000000|100%| O|  |TAMS 0x0000000608c00000| PB 0x0000000608c00000| Untracked 
|  36|0x0000000609000000, 0x0000000609400000, 0x0000000609400000|100%| O|  |TAMS 0x0000000609000000| PB 0x0000000609000000| Untracked 
|  37|0x0000000609400000, 0x0000000609591ac0, 0x0000000609800000| 39%| O|  |TAMS 0x0000000609400000| PB 0x0000000609400000| Untracked 
|  38|0x0000000609800000, 0x0000000609800000, 0x0000000609c00000|  0%| F|  |TAMS 0x0000000609800000| PB 0x0000000609800000| Untracked 
|  39|0x0000000609c00000, 0x0000000609c00000, 0x000000060a000000|  0%| F|  |TAMS 0x0000000609c00000| PB 0x0000000609c00000| Untracked 
|  40|0x000000060a000000, 0x000000060a000000, 0x000000060a400000|  0%| F|  |TAMS 0x000000060a000000| PB 0x000000060a000000| Untracked 
|  41|0x000000060a400000, 0x000000060a671260, 0x000000060a800000| 61%| S|CS|TAMS 0x000000060a400000| PB 0x000000060a400000| Complete 
|  42|0x000000060a800000, 0x000000060a800000, 0x000000060ac00000|  0%| F|  |TAMS 0x000000060a800000| PB 0x000000060a800000| Untracked 
|  43|0x000000060ac00000, 0x000000060ac00000, 0x000000060b000000|  0%| F|  |TAMS 0x000000060ac00000| PB 0x000000060ac00000| Untracked 
|  44|0x000000060b000000, 0x000000060b000000, 0x000000060b400000|  0%| F|  |TAMS 0x000000060b000000| PB 0x000000060b000000| Untracked 
|  45|0x000000060b400000, 0x000000060b400000, 0x000000060b800000|  0%| F|  |TAMS 0x000000060b400000| PB 0x000000060b400000| Untracked 
|  46|0x000000060b800000, 0x000000060b800000, 0x000000060bc00000|  0%| F|  |TAMS 0x000000060b800000| PB 0x000000060b800000| Untracked 
|  47|0x000000060bc00000, 0x000000060bc00000, 0x000000060c000000|  0%| F|  |TAMS 0x000000060bc00000| PB 0x000000060bc00000| Untracked 
|  48|0x000000060c000000, 0x000000060c3aaee0, 0x000000060c400000| 91%| E|  |TAMS 0x000000060c000000| PB 0x000000060c000000| Complete 
|  49|0x000000060c400000, 0x000000060c800000, 0x000000060c800000|100%| E|CS|TAMS 0x000000060c400000| PB 0x000000060c400000| Complete 
|  50|0x000000060c800000, 0x000000060cc00000, 0x000000060cc00000|100%| E|CS|TAMS 0x000000060c800000| PB 0x000000060c800000| Complete 
|  51|0x000000060cc00000, 0x000000060d000000, 0x000000060d000000|100%| E|CS|TAMS 0x000000060cc00000| PB 0x000000060cc00000| Complete 
|  52|0x000000060d000000, 0x000000060d400000, 0x000000060d400000|100%| E|CS|TAMS 0x000000060d000000| PB 0x000000060d000000| Complete 
|  53|0x000000060d400000, 0x000000060d800000, 0x000000060d800000|100%| E|CS|TAMS 0x000000060d400000| PB 0x000000060d400000| Complete 
|  54|0x000000060d800000, 0x000000060dc00000, 0x000000060dc00000|100%| E|CS|TAMS 0x000000060d800000| PB 0x000000060d800000| Complete 
|  55|0x000000060dc00000, 0x000000060e000000, 0x000000060e000000|100%| E|CS|TAMS 0x000000060dc00000| PB 0x000000060dc00000| Complete 
|  56|0x000000060e000000, 0x000000060e400000, 0x000000060e400000|100%| E|CS|TAMS 0x000000060e000000| PB 0x000000060e000000| Complete 
|  57|0x000000060e400000, 0x000000060e800000, 0x000000060e800000|100%| E|CS|TAMS 0x000000060e400000| PB 0x000000060e400000| Complete 
|  58|0x000000060e800000, 0x000000060ec00000, 0x000000060ec00000|100%| E|CS|TAMS 0x000000060e800000| PB 0x000000060e800000| Complete 

Card table byte_map: [0x0000016a32870000,0x0000016a33870000] _byte_map_base: 0x0000016a2f870000

Marking Bits: (CMBitMap*) 0x0000016a08ccdb00
 Bits: [0x0000016a33870000, 0x0000016a3b870000)

Polling page: 0x0000016a081d0000

Metaspace:

Usage:
  Non-class:     81.06 MB used.
      Class:     13.17 MB used.
       Both:     94.23 MB used.

Virtual space:
  Non-class space:      128.00 MB reserved,      82.19 MB ( 64%) committed,  2 nodes.
      Class space:        1.00 GB reserved,      14.25 MB (  1%) committed,  1 nodes.
             Both:        1.12 GB reserved,      96.44 MB (  8%) committed. 

Chunk freelists:
   Non-Class:  13.77 MB
       Class:  1.70 MB
        Both:  15.47 MB

MaxMetaspaceSize: 4.00 GB
CompressedClassSpaceSize: 1.00 GB
Initial GC threshold: 21.00 MB
Current GC threshold: 145.00 MB
CDS: on
 - commit_granule_bytes: 65536.
 - commit_granule_words: 8192.
 - virtual_space_node_default_size: 8388608.
 - enlarge_chunks_in_place: 1.
 - use_allocation_guard: 0.


Internal statistics:

num_allocs_failed_limit: 6.
num_arena_births: 4072.
num_arena_deaths: 0.
num_vsnodes_births: 3.
num_vsnodes_deaths: 0.
num_space_committed: 1543.
num_space_uncommitted: 0.
num_chunks_returned_to_freelist: 6.
num_chunks_taken_from_freelist: 8545.
num_chunk_merges: 6.
num_chunk_splits: 5598.
num_chunks_enlarged: 3514.
num_inconsistent_stats: 0.

CodeHeap 'non-profiled nmethods': size=259264Kb used=6234Kb max_used=6234Kb free=253029Kb
 bounds [0x0000016a215d0000, 0x0000016a21bf0000, 0x0000016a31300000]
CodeHeap 'profiled nmethods': size=259264Kb used=20684Kb max_used=20684Kb free=238579Kb
 bounds [0x0000016a11300000, 0x0000016a12740000, 0x0000016a21030000]
CodeHeap 'non-nmethods': size=5760Kb used=2875Kb max_used=2945Kb free=2884Kb
 bounds [0x0000016a21030000, 0x0000016a21330000, 0x0000016a215d0000]
 total_blobs=11685 nmethods=10714 adapters=875
 compilation: enabled
              stopped_count=0, restarted_count=0
 full_count=0

Compilation events (20 events):
Event: 40.312 Thread 0x0000016a3ba54b50 12621       3       com.android.build.api.variant.impl.ApplicationVariantImpl_Decorated::getName (40 bytes)
Event: 40.313 Thread 0x0000016a3ba54b50 nmethod 12621 0x0000016a1272ca90 code [0x0000016a1272cca0, 0x0000016a1272d270]
Event: 40.314 Thread 0x0000016a3ba54b50 12622       3       com.android.build.api.artifact.impl.SingleInitialProviderRequestImpl::withName (18 bytes)
Event: 40.315 Thread 0x0000016a3ba54b50 nmethod 12622 0x0000016a1272d490 code [0x0000016a1272d6c0, 0x0000016a1272dd50]
Event: 40.316 Thread 0x0000016a3ba54b50 12623  s    3       org.gradle.model.internal.core.ModelPath$Cache::get (41 bytes)
Event: 40.317 Thread 0x0000016a3ba54b50 nmethod 12623 0x0000016a1272e010 code [0x0000016a1272e220, 0x0000016a1272ea40]
Event: 40.352 Thread 0x0000016a3ba54b50 12624       3       com.android.build.api.artifact.impl.ArtifactContainer::<init> (88 bytes)
Event: 40.353 Thread 0x0000016a3ba54b50 nmethod 12624 0x0000016a1272ec90 code [0x0000016a1272ef80, 0x0000016a12730190]
Event: 40.363 Thread 0x0000016a3ba54b50 12625       3       org.gradle.api.internal.provider.DefaultProperty::unpackState (5 bytes)
Event: 40.363 Thread 0x0000016a3ba54b50 nmethod 12625 0x0000016a12730690 code [0x0000016a12730840, 0x0000016a12730a00]
Event: 40.363 Thread 0x0000016a3ba54b50 12626   !   3       org.gradle.api.internal.provider.DefaultProperty::getProvider (48 bytes)
Event: 40.364 Thread 0x0000016a3ba54b50 nmethod 12626 0x0000016a12730a90 code [0x0000016a12730ce0, 0x0000016a12731580]
Event: 40.365 Thread 0x0000016a3ba54b50 12627       3       org.gradle.internal.instantiation.generator.AsmBackedClassGenerator$ClassBuilderImpl::access$700 (4 bytes)
Event: 40.365 Thread 0x0000016a3ba54b50 nmethod 12627 0x0000016a12731890 code [0x0000016a12731a20, 0x0000016a12731b18]
Event: 40.395 Thread 0x0000016a3ba54b50 12628       3       org.gradle.internal.reflect.MethodSet::isEmpty (10 bytes)
Event: 40.395 Thread 0x0000016a3ba54b50 nmethod 12628 0x0000016a12731b90 code [0x0000016a12731d40, 0x0000016a12731f20]
Event: 40.478 Thread 0x0000016a3ba54b50 12632       3       org.gradle.internal.instantiation.generator.AsmBackedClassGenerator$$Lambda/0x0000016a40776a18::isSatisfiedBy (8 bytes)
Event: 40.478 Thread 0x0000016a3ba54b50 nmethod 12632 0x0000016a12732010 code [0x0000016a127321e0, 0x0000016a127324a0]
Event: 40.478 Thread 0x0000016a3ba54b50 12633       3       org.gradle.internal.instantiation.generator.AsmBackedClassGenerator::lambda$createForSerialization$0 (10 bytes)
Event: 40.478 Thread 0x0000016a3ba54b50 nmethod 12633 0x0000016a12732610 code [0x0000016a127327c0, 0x0000016a12732918]

GC Heap History (20 events):
Event: 29.978 GC heap before
{Heap before GC invocations=43 (full 0):
 garbage-first heap   total 159744K, used 133909K [0x0000000600000000, 0x0000000800000000)
  region size 4096K, 11 young (45056K), 2 survivors (8192K)
 Metaspace       used 75454K, committed 77632K, reserved 1179648K
  class space    used 10647K, committed 11712K, reserved 1048576K
}
Event: 29.990 GC heap after
{Heap after GC invocations=44 (full 0):
 garbage-first heap   total 159744K, used 103813K [0x0000000600000000, 0x0000000800000000)
  region size 4096K, 1 young (4096K), 1 survivors (4096K)
 Metaspace       used 75454K, committed 77632K, reserved 1179648K
  class space    used 10647K, committed 11712K, reserved 1048576K
}
Event: 30.813 GC heap before
{Heap before GC invocations=44 (full 0):
 garbage-first heap   total 159744K, used 136581K [0x0000000600000000, 0x0000000800000000)
  region size 4096K, 9 young (36864K), 1 survivors (4096K)
 Metaspace       used 79077K, committed 81152K, reserved 1179648K
  class space    used 11021K, committed 12032K, reserved 1048576K
}
Event: 30.820 GC heap after
{Heap after GC invocations=45 (full 0):
 garbage-first heap   total 159744K, used 107091K [0x0000000600000000, 0x0000000800000000)
  region size 4096K, 2 young (8192K), 2 survivors (8192K)
 Metaspace       used 79077K, committed 81152K, reserved 1179648K
  class space    used 11021K, committed 12032K, reserved 1048576K
}
Event: 31.356 GC heap before
{Heap before GC invocations=46 (full 0):
 garbage-first heap   total 184320K, used 131667K [0x0000000600000000, 0x0000000800000000)
  region size 4096K, 9 young (36864K), 2 survivors (8192K)
 Metaspace       used 80255K, committed 82368K, reserved 1179648K
  class space    used 11189K, committed 12224K, reserved 1048576K
}
Event: 31.366 GC heap after
{Heap after GC invocations=47 (full 0):
 garbage-first heap   total 184320K, used 109507K [0x0000000600000000, 0x0000000800000000)
  region size 4096K, 2 young (8192K), 2 survivors (8192K)
 Metaspace       used 80255K, committed 82368K, reserved 1179648K
  class space    used 11189K, committed 12224K, reserved 1048576K
}
Event: 32.393 GC heap before
{Heap before GC invocations=47 (full 0):
 garbage-first heap   total 184320K, used 154563K [0x0000000600000000, 0x0000000800000000)
  region size 4096K, 13 young (53248K), 2 survivors (8192K)
 Metaspace       used 83617K, committed 85696K, reserved 1179648K
  class space    used 11608K, committed 12672K, reserved 1048576K
}
Event: 32.409 GC heap after
{Heap after GC invocations=48 (full 0):
 garbage-first heap   total 221184K, used 110083K [0x0000000600000000, 0x0000000800000000)
  region size 4096K, 2 young (8192K), 2 survivors (8192K)
 Metaspace       used 83617K, committed 85696K, reserved 1179648K
  class space    used 11608K, committed 12672K, reserved 1048576K
}
Event: 33.681 GC heap before
{Heap before GC invocations=48 (full 0):
 garbage-first heap   total 221184K, used 179715K [0x0000000600000000, 0x0000000800000000)
  region size 4096K, 19 young (77824K), 2 survivors (8192K)
 Metaspace       used 86334K, committed 88576K, reserved 1179648K
  class space    used 11968K, committed 13056K, reserved 1048576K
}
Event: 33.691 GC heap after
{Heap after GC invocations=49 (full 0):
 garbage-first heap   total 221184K, used 120969K [0x0000000600000000, 0x0000000800000000)
  region size 4096K, 3 young (12288K), 3 survivors (12288K)
 Metaspace       used 86334K, committed 88576K, reserved 1179648K
  class space    used 11968K, committed 13056K, reserved 1048576K
}
Event: 35.040 GC heap before
{Heap before GC invocations=49 (full 0):
 garbage-first heap   total 221184K, used 182409K [0x0000000600000000, 0x0000000800000000)
  region size 4096K, 19 young (77824K), 3 survivors (12288K)
 Metaspace       used 86850K, committed 89024K, reserved 1179648K
  class space    used 12013K, committed 13120K, reserved 1048576K
}
Event: 35.061 GC heap after
{Heap after GC invocations=50 (full 0):
 garbage-first heap   total 221184K, used 127522K [0x0000000600000000, 0x0000000800000000)
  region size 4096K, 3 young (12288K), 3 survivors (12288K)
 Metaspace       used 86850K, committed 89024K, reserved 1179648K
  class space    used 12013K, committed 13120K, reserved 1048576K
}
Event: 35.398 GC heap before
{Heap before GC invocations=50 (full 0):
 garbage-first heap   total 221184K, used 188962K [0x0000000600000000, 0x0000000800000000)
  region size 4096K, 18 young (73728K), 3 survivors (12288K)
 Metaspace       used 86864K, committed 89088K, reserved 1179648K
  class space    used 12013K, committed 13120K, reserved 1048576K
}
Event: 35.416 GC heap after
{Heap after GC invocations=51 (full 0):
 garbage-first heap   total 221184K, used 130812K [0x0000000600000000, 0x0000000800000000)
  region size 4096K, 2 young (8192K), 2 survivors (8192K)
 Metaspace       used 86864K, committed 89088K, reserved 1179648K
  class space    used 12013K, committed 13120K, reserved 1048576K
}
Event: 36.054 GC heap before
{Heap before GC invocations=51 (full 0):
 garbage-first heap   total 221184K, used 188156K [0x0000000600000000, 0x0000000800000000)
  region size 4096K, 17 young (69632K), 2 survivors (8192K)
 Metaspace       used 86868K, committed 89088K, reserved 1179648K
  class space    used 12013K, committed 13120K, reserved 1048576K
}
Event: 36.064 GC heap after
{Heap after GC invocations=52 (full 0):
 garbage-first heap   total 221184K, used 137052K [0x0000000600000000, 0x0000000800000000)
  region size 4096K, 3 young (12288K), 3 survivors (12288K)
 Metaspace       used 86868K, committed 89088K, reserved 1179648K
  class space    used 12013K, committed 13120K, reserved 1048576K
}
Event: 37.452 GC heap before
{Heap before GC invocations=53 (full 0):
 garbage-first heap   total 241664K, used 190300K [0x0000000600000000, 0x0000000800000000)
  region size 4096K, 16 young (65536K), 3 survivors (12288K)
 Metaspace       used 88769K, committed 91008K, reserved 1179648K
  class space    used 12275K, committed 13376K, reserved 1048576K
}
Event: 37.462 GC heap after
{Heap after GC invocations=54 (full 0):
 garbage-first heap   total 241664K, used 146753K [0x0000000600000000, 0x0000000800000000)
  region size 4096K, 2 young (8192K), 2 survivors (8192K)
 Metaspace       used 88769K, committed 91008K, reserved 1179648K
  class space    used 12275K, committed 13376K, reserved 1048576K
}
Event: 39.174 GC heap before
{Heap before GC invocations=54 (full 0):
 garbage-first heap   total 241664K, used 208193K [0x0000000600000000, 0x0000000800000000)
  region size 4096K, 17 young (69632K), 2 survivors (8192K)
 Metaspace       used 92835K, committed 95104K, reserved 1179648K
  class space    used 12855K, committed 13952K, reserved 1048576K
}
Event: 39.192 GC heap after
{Heap after GC invocations=55 (full 0):
 garbage-first heap   total 241664K, used 147467K [0x0000000600000000, 0x0000000800000000)
  region size 4096K, 1 young (4096K), 1 survivors (4096K)
 Metaspace       used 92835K, committed 95104K, reserved 1179648K
  class space    used 12855K, committed 13952K, reserved 1048576K
}

Dll operation events (15 events):
Event: 0.018 Loaded shared library C:\Program Files\Microsoft\jdk-21.0.6.7-hotspot\bin\java.dll
Event: 0.053 Loaded shared library C:\Program Files\Microsoft\jdk-21.0.6.7-hotspot\bin\jsvml.dll
Event: 0.092 Loaded shared library C:\Program Files\Microsoft\jdk-21.0.6.7-hotspot\bin\zip.dll
Event: 0.095 Loaded shared library C:\Program Files\Microsoft\jdk-21.0.6.7-hotspot\bin\instrument.dll
Event: 0.099 Loaded shared library C:\Program Files\Microsoft\jdk-21.0.6.7-hotspot\bin\net.dll
Event: 0.101 Loaded shared library C:\Program Files\Microsoft\jdk-21.0.6.7-hotspot\bin\nio.dll
Event: 0.103 Loaded shared library C:\Program Files\Microsoft\jdk-21.0.6.7-hotspot\bin\zip.dll
Event: 0.319 Loaded shared library C:\Program Files\Microsoft\jdk-21.0.6.7-hotspot\bin\jimage.dll
Event: 0.462 Loaded shared library C:\Program Files\Microsoft\jdk-21.0.6.7-hotspot\bin\verify.dll
Event: 0.646 Loaded shared library C:\Users\HP\.gradle\native\c067742578af261105cb4f569cf0c3c89f3d7b1fecec35dd04571415982c5e48\windows-amd64\native-platform.dll
Event: 0.662 Loaded shared library C:\Users\HP\.gradle\native\100fb08df4bc3b14c8652ba06237920a3bd2aa13389f12d3474272988ae205f9\windows-amd64\native-platform-file-events.dll
Event: 4.817 Loaded shared library C:\Program Files\Microsoft\jdk-21.0.6.7-hotspot\bin\management.dll
Event: 4.825 Loaded shared library C:\Program Files\Microsoft\jdk-21.0.6.7-hotspot\bin\management_ext.dll
Event: 5.229 Loaded shared library C:\Program Files\Microsoft\jdk-21.0.6.7-hotspot\bin\extnet.dll
Event: 5.468 Loaded shared library C:\Program Files\Microsoft\jdk-21.0.6.7-hotspot\bin\sunmscapi.dll

Deoptimization events (20 events):
Event: 39.856 Thread 0x0000016a3e85a140 Uncommon trap: trap_request=0xffffffde fr.pc=0x0000016a219ecc94 relative=0x0000000000000074
Event: 39.856 Thread 0x0000016a3e85a140 Uncommon trap: reason=class_check action=maybe_recompile pc=0x0000016a219ecc94 method=java.lang.invoke.Invokers$Holder.linkToTargetMethod(Ljava/lang/Object;Ljava/lang/Object;Ljava/lang/Object;Ljava/lang/Object;)Ljava/lang/Object; @ 1 c2
Event: 39.856 Thread 0x0000016a3e85a140 DEOPT PACKING pc=0x0000016a219ecc94 sp=0x0000002d951f62f0
Event: 39.856 Thread 0x0000016a3e85a140 DEOPT UNPACKING pc=0x0000016a210846a2 sp=0x0000002d951f6280 mode 2
Event: 40.199 Thread 0x0000016a3e85a140 Uncommon trap: trap_request=0xffffffde fr.pc=0x0000016a219ecc94 relative=0x0000000000000074
Event: 40.199 Thread 0x0000016a3e85a140 Uncommon trap: reason=class_check action=maybe_recompile pc=0x0000016a219ecc94 method=java.lang.invoke.Invokers$Holder.linkToTargetMethod(Ljava/lang/Object;Ljava/lang/Object;Ljava/lang/Object;Ljava/lang/Object;)Ljava/lang/Object; @ 1 c2
Event: 40.199 Thread 0x0000016a3e85a140 DEOPT PACKING pc=0x0000016a219ecc94 sp=0x0000002d951f6330
Event: 40.199 Thread 0x0000016a3e85a140 DEOPT UNPACKING pc=0x0000016a210846a2 sp=0x0000002d951f62c0 mode 2
Event: 40.200 Thread 0x0000016a3e85a140 Uncommon trap: trap_request=0xffffffde fr.pc=0x0000016a219ecc94 relative=0x0000000000000074
Event: 40.200 Thread 0x0000016a3e85a140 Uncommon trap: reason=class_check action=maybe_recompile pc=0x0000016a219ecc94 method=java.lang.invoke.Invokers$Holder.linkToTargetMethod(Ljava/lang/Object;Ljava/lang/Object;Ljava/lang/Object;Ljava/lang/Object;)Ljava/lang/Object; @ 1 c2
Event: 40.200 Thread 0x0000016a3e85a140 DEOPT PACKING pc=0x0000016a219ecc94 sp=0x0000002d951f6330
Event: 40.200 Thread 0x0000016a3e85a140 DEOPT UNPACKING pc=0x0000016a210846a2 sp=0x0000002d951f62c0 mode 2
Event: 40.200 Thread 0x0000016a3e85a140 Uncommon trap: trap_request=0xffffffde fr.pc=0x0000016a219ecc94 relative=0x0000000000000074
Event: 40.200 Thread 0x0000016a3e85a140 Uncommon trap: reason=class_check action=maybe_recompile pc=0x0000016a219ecc94 method=java.lang.invoke.Invokers$Holder.linkToTargetMethod(Ljava/lang/Object;Ljava/lang/Object;Ljava/lang/Object;Ljava/lang/Object;)Ljava/lang/Object; @ 1 c2
Event: 40.200 Thread 0x0000016a3e85a140 DEOPT PACKING pc=0x0000016a219ecc94 sp=0x0000002d951f6330
Event: 40.201 Thread 0x0000016a3e85a140 DEOPT UNPACKING pc=0x0000016a210846a2 sp=0x0000002d951f62c0 mode 2
Event: 40.471 Thread 0x0000016a3e85a140 Uncommon trap: trap_request=0xffffff45 fr.pc=0x0000016a219f5a9c relative=0x00000000000006dc
Event: 40.471 Thread 0x0000016a3e85a140 Uncommon trap: reason=unstable_if action=reinterpret pc=0x0000016a219f5a9c method=java.io.WinNTFileSystem.prefixLength(Ljava/lang/String;)I @ 11 c2
Event: 40.471 Thread 0x0000016a3e85a140 DEOPT PACKING pc=0x0000016a219f5a9c sp=0x0000002d951f6390
Event: 40.471 Thread 0x0000016a3e85a140 DEOPT UNPACKING pc=0x0000016a210846a2 sp=0x0000002d951f62f0 mode 2

Classes loaded (20 events):
Event: 36.684 Loading class sun/reflect/annotation/TypeAnnotation
Event: 36.685 Loading class sun/reflect/annotation/TypeAnnotation done
Event: 36.685 Loading class sun/reflect/annotation/TypeAnnotation$TypeAnnotationTarget
Event: 36.686 Loading class sun/reflect/annotation/TypeAnnotation$TypeAnnotationTarget done
Event: 38.518 Loading class java/util/concurrent/atomic/AtomicIntegerArray
Event: 38.519 Loading class java/util/concurrent/atomic/AtomicIntegerArray done
Event: 38.524 Loading class java/util/Currency
Event: 38.526 Loading class java/util/Currency done
Event: 38.538 Loading class java/util/concurrent/atomic/AtomicLongArray
Event: 38.539 Loading class java/util/concurrent/atomic/AtomicLongArray done
Event: 38.591 Loading class sun/reflect/generics/repository/FieldRepository
Event: 38.592 Loading class sun/reflect/generics/repository/FieldRepository done
Event: 38.621 Loading class jdk/internal/vm/annotation/ForceInline
Event: 38.622 Loading class jdk/internal/vm/annotation/ForceInline done
Event: 38.756 Loading class java/util/regex/Pattern$Caret
Event: 38.757 Loading class java/util/regex/Pattern$Caret done
Event: 40.496 Loading class java/net/Proxy
Event: 40.497 Loading class java/net/Proxy done
Event: 40.497 Loading class java/net/Proxy$Type
Event: 40.497 Loading class java/net/Proxy$Type done

Classes unloaded (0 events):
No events

Classes redefined (0 events):
No events

Internal exceptions (20 events):
Event: 36.884 Thread 0x0000016a3e85a140 Exception <a 'java/lang/ClassNotFoundException'{0x000000060df8d268}: org/gradle/api/internal/NamedDomainObjectContainerConfigureDelegateCustomizer> (0x000000060df8d268) 
thrown [s\src\hotspot\share\classfile\systemDictionary.cpp, line 312]
Event: 36.960 Thread 0x0000016a3e85a140 Exception <a 'java/lang/NoSuchMethodError'{0x000000060d951370}: 'void java.lang.invoke.DirectMethodHandle$Holder.invokeVirtual(java.lang.Object, java.lang.Object, int)'> (0x000000060d951370) 
thrown [s\src\hotspot\share\interpreter\linkResolver.cpp, line 773]
Event: 36.961 Thread 0x0000016a3e85a140 Exception <a 'java/lang/NoSuchMethodError'{0x000000060d9564f0}: 'void java.lang.invoke.DelegatingMethodHandle$Holder.reinvoke_L(java.lang.Object, java.lang.Object, int)'> (0x000000060d9564f0) 
thrown [s\src\hotspot\share\interpreter\linkResolver.cpp, line 773]
Event: 36.972 Thread 0x0000016a3e85a140 Exception <a 'java/lang/ClassNotFoundException'{0x000000060dab10c8}: org/gradle/api/internal/plugins/DefaultPluginContainerBeanInfo> (0x000000060dab10c8) 
thrown [s\src\hotspot\share\classfile\systemDictionary.cpp, line 312]
Event: 36.974 Thread 0x0000016a3e85a140 Exception <a 'java/lang/ClassNotFoundException'{0x000000060dacc990}: org/gradle/api/internal/plugins/DefaultPluginCollectionBeanInfo> (0x000000060dacc990) 
thrown [s\src\hotspot\share\classfile\systemDictionary.cpp, line 312]
Event: 36.977 Thread 0x0000016a3e85a140 Exception <a 'java/lang/ClassNotFoundException'{0x000000060dae77b0}: org/gradle/api/internal/plugins/DefaultPluginCollectionCustomizer> (0x000000060dae77b0) 
thrown [s\src\hotspot\share\classfile\systemDictionary.cpp, line 312]
Event: 36.981 Thread 0x0000016a3e85a140 Exception <a 'java/lang/ClassNotFoundException'{0x000000060db36ed0}: org/gradle/api/internal/plugins/DefaultPluginContainerCustomizer> (0x000000060db36ed0) 
thrown [s\src\hotspot\share\classfile\systemDictionary.cpp, line 312]
Event: 37.038 Thread 0x0000016a3e85a140 Exception <a 'java/lang/ClassNotFoundException'{0x000000060cf0ed20}: org/gradle/api/internal/artifacts/configurations/DefaultConfigurationContainer_DecoratedBeanInfo> (0x000000060cf0ed20) 
thrown [s\src\hotspot\share\classfile\systemDictionary.cpp, line 312]
Event: 37.040 Thread 0x0000016a3e85a140 Exception <a 'java/lang/ClassNotFoundException'{0x000000060cf2d250}: org/gradle/api/internal/artifacts/configurations/DefaultConfigurationContainerBeanInfo> (0x000000060cf2d250) 
thrown [s\src\hotspot\share\classfile\systemDictionary.cpp, line 312]
Event: 37.042 Thread 0x0000016a3e85a140 Exception <a 'java/lang/ClassNotFoundException'{0x000000060cf48310}: org/gradle/api/internal/AbstractValidatingNamedDomainObjectContainerBeanInfo> (0x000000060cf48310) 
thrown [s\src\hotspot\share\classfile\systemDictionary.cpp, line 312]
Event: 37.043 Thread 0x0000016a3e85a140 Exception <a 'java/lang/ClassNotFoundException'{0x000000060cf63420}: org/gradle/api/internal/AbstractValidatingNamedDomainObjectContainerCustomizer> (0x000000060cf63420) 
thrown [s\src\hotspot\share\classfile\systemDictionary.cpp, line 312]
Event: 37.046 Thread 0x0000016a3e85a140 Exception <a 'java/lang/ClassNotFoundException'{0x000000060cf8d008}: org/gradle/api/internal/artifacts/configurations/DefaultConfigurationContainerCustomizer> (0x000000060cf8d008) 
thrown [s\src\hotspot\share\classfile\systemDictionary.cpp, line 312]
Event: 37.050 Thread 0x0000016a3e85a140 Exception <a 'java/lang/ClassNotFoundException'{0x000000060cff2928}: org/gradle/api/internal/artifacts/configurations/DefaultConfigurationContainer_DecoratedCustomizer> (0x000000060cff2928) 
thrown [s\src\hotspot\share\classfile\systemDictionary.cpp, line 312]
Event: 37.062 Thread 0x0000016a3e85a140 Exception <a 'java/lang/ClassNotFoundException'{0x000000060c8a2188}: org/gradle/api/internal/artifacts/dsl/dependencies/DefaultDependencyHandler_DecoratedBeanInfo> (0x000000060c8a2188) 
thrown [s\src\hotspot\share\classfile\systemDictionary.cpp, line 312]
Event: 37.064 Thread 0x0000016a3e85a140 Exception <a 'java/lang/ClassNotFoundException'{0x000000060c8c05f8}: org/gradle/api/internal/artifacts/dsl/dependencies/DefaultDependencyHandlerBeanInfo> (0x000000060c8c05f8) 
thrown [s\src\hotspot\share\classfile\systemDictionary.cpp, line 312]
Event: 37.066 Thread 0x0000016a3e85a140 Exception <a 'java/lang/ClassNotFoundException'{0x000000060c8dea28}: org/gradle/api/internal/artifacts/dsl/dependencies/DefaultDependencyHandlerCustomizer> (0x000000060c8dea28) 
thrown [s\src\hotspot\share\classfile\systemDictionary.cpp, line 312]
Event: 37.070 Thread 0x0000016a3e85a140 Exception <a 'java/lang/ClassNotFoundException'{0x000000060c930428}: org/gradle/api/internal/artifacts/dsl/dependencies/DefaultDependencyHandler_DecoratedCustomizer> (0x000000060c930428) 
thrown [s\src\hotspot\share\classfile\systemDictionary.cpp, line 312]
Event: 38.246 Thread 0x0000016a3e85a140 Exception <a 'java/lang/NoSuchMethodError'{0x000000060cda23d8}: 'java.lang.Object java.lang.invoke.DirectMethodHandle$Holder.newInvokeSpecial(java.lang.Object, java.lang.Object, java.lang.Object, java.lang.Object, java.lang.Object, java.lang.Object, java.lang.Object, java.lang.Object, java.lang.Object, java.lang.Object, java.lang.Object, java.lang.Object, java.lang.Object, java.lang.Object, java.lang.Object)'> (0x000000060cda23d8) 
thrown [s\src\hotspot\share\interpreter\linkResolver.cpp, line 773]
Event: 39.853 Thread 0x0000016a3e85a140 Implicit null exception at 0x0000016a216907cd to 0x0000016a2169222c
Event: 40.435 Thread 0x0000016a3e85a140 Exception <a 'java/lang/NoSuchMethodError'{0x000000060c480f28}: 'java.lang.Object java.lang.invoke.Invokers$Holder.invokeExact_MT(java.lang.Object, java.lang.Object, java.lang.Object, int, java.lang.Object, java.lang.Object)'> (0x000000060c480f28) 
thrown [s\src\hotspot\share\interpreter\linkResolver.cpp, line 773]

ZGC Phase Switch (0 events):
No events

VM Operations (20 events):
Event: 35.040 Executing VM operation: G1CollectForAllocation (G1 Evacuation Pause)
Event: 35.061 Executing VM operation: G1CollectForAllocation (G1 Evacuation Pause) done
Event: 35.398 Executing VM operation: G1CollectForAllocation (G1 Evacuation Pause)
Event: 35.416 Executing VM operation: G1CollectForAllocation (G1 Evacuation Pause) done
Event: 36.054 Executing VM operation: G1TryInitiateConcMark (G1 Humongous Allocation)
Event: 36.064 Executing VM operation: G1TryInitiateConcMark (G1 Humongous Allocation) done
Event: 36.249 Executing VM operation: G1PauseRemark
Event: 36.264 Executing VM operation: G1PauseRemark done
Event: 36.349 Executing VM operation: G1PauseCleanup
Event: 36.349 Executing VM operation: G1PauseCleanup done
Event: 37.357 Executing VM operation: Cleanup
Event: 37.357 Executing VM operation: Cleanup done
Event: 37.452 Executing VM operation: G1CollectForAllocation (G1 Evacuation Pause)
Event: 37.462 Executing VM operation: G1CollectForAllocation (G1 Evacuation Pause) done
Event: 37.969 Executing VM operation: HandshakeAllThreads (Deoptimize)
Event: 37.969 Executing VM operation: HandshakeAllThreads (Deoptimize) done
Event: 38.976 Executing VM operation: Cleanup
Event: 38.976 Executing VM operation: Cleanup done
Event: 39.174 Executing VM operation: G1CollectForAllocation (G1 Evacuation Pause)
Event: 39.192 Executing VM operation: G1CollectForAllocation (G1 Evacuation Pause) done

Memory protections (0 events):
No events

Nmethod flushes (20 events):
Event: 36.261 Thread 0x0000016a06760730 flushing  nmethod 0x0000016a11b2b890
Event: 36.262 Thread 0x0000016a06760730 flushing  nmethod 0x0000016a11b2c010
Event: 36.262 Thread 0x0000016a06760730 flushing  nmethod 0x0000016a11b2f210
Event: 36.262 Thread 0x0000016a06760730 flushing  nmethod 0x0000016a11b2fb90
Event: 36.262 Thread 0x0000016a06760730 flushing  nmethod 0x0000016a11c89f90
Event: 36.262 Thread 0x0000016a06760730 flushing  nmethod 0x0000016a122cb090
Event: 36.262 Thread 0x0000016a06760730 flushing  nmethod 0x0000016a217de910
Event: 36.262 Thread 0x0000016a06760730 flushing  nmethod 0x0000016a2192f510
Event: 36.262 Thread 0x0000016a06760730 flushing  nmethod 0x0000016a21977d90
Event: 36.262 Thread 0x0000016a06760730 flushing  nmethod 0x0000016a21a31c10
Event: 36.262 Thread 0x0000016a06760730 flushing  nmethod 0x0000016a113d0b90
Event: 36.262 Thread 0x0000016a06760730 flushing  nmethod 0x0000016a11439a90
Event: 36.262 Thread 0x0000016a06760730 flushing  nmethod 0x0000016a11500690
Event: 36.262 Thread 0x0000016a06760730 flushing  nmethod 0x0000016a1169f090
Event: 36.262 Thread 0x0000016a06760730 flushing  nmethod 0x0000016a1173da90
Event: 36.262 Thread 0x0000016a06760730 flushing  nmethod 0x0000016a1173ef10
Event: 36.262 Thread 0x0000016a06760730 flushing  nmethod 0x0000016a11a59990
Event: 36.262 Thread 0x0000016a06760730 flushing  nmethod 0x0000016a11ab1110
Event: 36.262 Thread 0x0000016a06760730 flushing  nmethod 0x0000016a11ae3c10
Event: 36.262 Thread 0x0000016a06760730 flushing osr nmethod 0x0000016a1230b010

Events (20 events):
Event: 28.303 Thread 0x0000016a3ba54b50 Thread added: 0x0000016a89ade5d0
Event: 29.418 Thread 0x0000016a89ade5d0 Thread exited: 0x0000016a89ade5d0
Event: 33.575 Thread 0x0000016a3e85a140 Thread added: 0x0000016a89602fc0
Event: 33.583 Thread 0x0000016a3e85a140 Thread added: 0x0000016a89603ce0
Event: 34.725 Thread 0x0000016a3e85a140 Thread added: 0x0000016a89605090
Event: 34.725 Thread 0x0000016a3e85a140 Thread added: 0x0000016a89604370
Event: 34.726 Thread 0x0000016a3e85a140 Thread added: 0x0000016a89604a00
Event: 34.726 Thread 0x0000016a3e85a140 Thread added: 0x0000016a89601c10
Event: 34.727 Thread 0x0000016a3e85a140 Thread added: 0x0000016a89602930
Event: 34.727 Thread 0x0000016a3e85a140 Thread added: 0x0000016a896022a0
Event: 34.728 Thread 0x0000016a3e85a140 Thread added: 0x0000016a88888690
Event: 34.843 Thread 0x0000016a3e85a140 Thread added: 0x0000016a88885f30
Event: 34.844 Thread 0x0000016a3e85a140 Thread added: 0x0000016a88886c50
Event: 34.846 Thread 0x0000016a3e85a140 Thread added: 0x0000016a888872e0
Event: 34.849 Thread 0x0000016a3e85a140 Thread added: 0x0000016a88887970
Event: 34.851 Thread 0x0000016a3e85a140 Thread added: 0x0000016a88888d20
Event: 34.855 Thread 0x0000016a3e85a140 Thread added: 0x0000016a88888000
Event: 38.092 Thread 0x0000016a3ba54b50 Thread added: 0x0000016a89ae4c00
Event: 39.004 Thread 0x0000016a89ae4c00 Thread exited: 0x0000016a89ae4c00
Event: 39.504 Thread 0x0000016a3ba54b50 Thread added: 0x0000016a89ae3e60


Dynamic libraries:
0x00007ff640710000 - 0x00007ff64071e000 	C:\Program Files\Microsoft\jdk-21.0.6.7-hotspot\bin\java.exe
0x00007ffaf88a0000 - 0x00007ffaf8b06000 	C:\WINDOWS\SYSTEM32\ntdll.dll
0x00007ffaf7270000 - 0x00007ffaf7339000 	C:\WINDOWS\System32\KERNEL32.DLL
0x00007ffaf5d50000 - 0x00007ffaf611c000 	C:\WINDOWS\System32\KERNELBASE.dll
0x00007ffaf6120000 - 0x00007ffaf626b000 	C:\WINDOWS\System32\ucrtbase.dll
0x00007ffad9940000 - 0x00007ffad995d000 	C:\Program Files\Microsoft\jdk-21.0.6.7-hotspot\bin\VCRUNTIME140.dll
0x00007ffad9960000 - 0x00007ffad9978000 	C:\Program Files\Microsoft\jdk-21.0.6.7-hotspot\bin\jli.dll
0x00007ffaf73c0000 - 0x00007ffaf758a000 	C:\WINDOWS\System32\USER32.dll
0x00007ffad7ad0000 - 0x00007ffad7d6a000 	C:\WINDOWS\WinSxS\amd64_microsoft.windows.common-controls_6595b64144ccf1df_6.0.26100.3912_none_3e07963ce335137e\COMCTL32.dll
0x00007ffaf5a30000 - 0x00007ffaf5a57000 	C:\WINDOWS\System32\win32u.dll
0x00007ffaf6850000 - 0x00007ffaf68f9000 	C:\WINDOWS\System32\msvcrt.dll
0x00007ffaf7140000 - 0x00007ffaf716b000 	C:\WINDOWS\System32\GDI32.dll
0x00007ffaf6270000 - 0x00007ffaf63a2000 	C:\WINDOWS\System32\gdi32full.dll
0x00007ffaf5a60000 - 0x00007ffaf5b03000 	C:\WINDOWS\System32\msvcp_win.dll
0x00007ffaf7870000 - 0x00007ffaf78a0000 	C:\WINDOWS\System32\IMM32.DLL
0x00007ffaef120000 - 0x00007ffaef12c000 	C:\Program Files\Microsoft\jdk-21.0.6.7-hotspot\bin\vcruntime140_1.dll
0x00007ffad98b0000 - 0x00007ffad993d000 	C:\Program Files\Microsoft\jdk-21.0.6.7-hotspot\bin\msvcp140.dll
0x00007ffa90870000 - 0x00007ffa91608000 	C:\Program Files\Microsoft\jdk-21.0.6.7-hotspot\bin\server\jvm.dll
0x00007ffaf6790000 - 0x00007ffaf6842000 	C:\WINDOWS\System32\ADVAPI32.dll
0x00007ffaf7e70000 - 0x00007ffaf7f16000 	C:\WINDOWS\System32\sechost.dll
0x00007ffaf6670000 - 0x00007ffaf6786000 	C:\WINDOWS\System32\RPCRT4.dll
0x00007ffaf8090000 - 0x00007ffaf8104000 	C:\WINDOWS\System32\WS2_32.dll
0x00007ffae03f0000 - 0x00007ffae0426000 	C:\WINDOWS\SYSTEM32\WINMM.dll
0x00007ffaf58a0000 - 0x00007ffaf58fe000 	C:\WINDOWS\SYSTEM32\POWRPROF.dll
0x00007ffaead80000 - 0x00007ffaead8b000 	C:\WINDOWS\SYSTEM32\VERSION.dll
0x00007ffaf5880000 - 0x00007ffaf5894000 	C:\WINDOWS\SYSTEM32\UMPDC.dll
0x00007ffaf47f0000 - 0x00007ffaf480a000 	C:\WINDOWS\SYSTEM32\kernel.appcore.dll
0x00007ffad98a0000 - 0x00007ffad98aa000 	C:\Program Files\Microsoft\jdk-21.0.6.7-hotspot\bin\jimage.dll
0x00007ffaeed90000 - 0x00007ffaeefd1000 	C:\WINDOWS\SYSTEM32\DBGHELP.DLL
0x00007ffaf7ae0000 - 0x00007ffaf7e64000 	C:\WINDOWS\System32\combase.dll
0x00007ffaf7180000 - 0x00007ffaf7260000 	C:\WINDOWS\System32\OLEAUT32.dll
0x00007ffad5d30000 - 0x00007ffad5d69000 	C:\WINDOWS\SYSTEM32\dbgcore.DLL
0x00007ffaf6530000 - 0x00007ffaf65c9000 	C:\WINDOWS\System32\bcryptPrimitives.dll
0x00007ffad9890000 - 0x00007ffad989f000 	C:\Program Files\Microsoft\jdk-21.0.6.7-hotspot\bin\instrument.dll
0x00007ffad9870000 - 0x00007ffad9890000 	C:\Program Files\Microsoft\jdk-21.0.6.7-hotspot\bin\java.dll
0x00007ffaf6a10000 - 0x00007ffaf713d000 	C:\WINDOWS\System32\SHELL32.dll
0x00007ffaf5bd0000 - 0x00007ffaf5d44000 	C:\WINDOWS\System32\wintypes.dll
0x00007ffaf36e0000 - 0x00007ffaf3f36000 	C:\WINDOWS\SYSTEM32\windows.storage.dll
0x00007ffaf7900000 - 0x00007ffaf79ef000 	C:\WINDOWS\System32\SHCORE.dll
0x00007ffaf7340000 - 0x00007ffaf73a9000 	C:\WINDOWS\System32\shlwapi.dll
0x00007ffaf5940000 - 0x00007ffaf596f000 	C:\WINDOWS\SYSTEM32\profapi.dll
0x00007ffad9790000 - 0x00007ffad9867000 	C:\Program Files\Microsoft\jdk-21.0.6.7-hotspot\bin\jsvml.dll
0x00007ffad9770000 - 0x00007ffad9788000 	C:\Program Files\Microsoft\jdk-21.0.6.7-hotspot\bin\zip.dll
0x00007ffad9760000 - 0x00007ffad9770000 	C:\Program Files\Microsoft\jdk-21.0.6.7-hotspot\bin\net.dll
0x00007ffaeb2c0000 - 0x00007ffaeb3de000 	C:\WINDOWS\SYSTEM32\WINHTTP.dll
0x00007ffaf4d60000 - 0x00007ffaf4dca000 	C:\WINDOWS\system32\mswsock.dll
0x00007ffad9740000 - 0x00007ffad9756000 	C:\Program Files\Microsoft\jdk-21.0.6.7-hotspot\bin\nio.dll
0x00007ffad9730000 - 0x00007ffad9740000 	C:\Program Files\Microsoft\jdk-21.0.6.7-hotspot\bin\verify.dll
0x00007ffa824d0000 - 0x00007ffa824f7000 	C:\Users\HP\.gradle\native\c067742578af261105cb4f569cf0c3c89f3d7b1fecec35dd04571415982c5e48\windows-amd64\native-platform.dll
0x00007ffaa80a0000 - 0x00007ffaa81e4000 	C:\Users\HP\.gradle\native\100fb08df4bc3b14c8652ba06237920a3bd2aa13389f12d3474272988ae205f9\windows-amd64\native-platform-file-events.dll
0x00007ffad9720000 - 0x00007ffad972a000 	C:\Program Files\Microsoft\jdk-21.0.6.7-hotspot\bin\management.dll
0x00007ffad9710000 - 0x00007ffad971b000 	C:\Program Files\Microsoft\jdk-21.0.6.7-hotspot\bin\management_ext.dll
0x00007ffaf6660000 - 0x00007ffaf6668000 	C:\WINDOWS\System32\PSAPI.DLL
0x00007ffaf5000000 - 0x00007ffaf501c000 	C:\WINDOWS\SYSTEM32\CRYPTSP.dll
0x00007ffaf4750000 - 0x00007ffaf478a000 	C:\WINDOWS\system32\rsaenh.dll
0x00007ffaf4e00000 - 0x00007ffaf4e2b000 	C:\WINDOWS\SYSTEM32\USERENV.dll
0x00007ffaf5910000 - 0x00007ffaf5936000 	C:\WINDOWS\SYSTEM32\bcrypt.dll
0x00007ffaf5020000 - 0x00007ffaf502c000 	C:\WINDOWS\SYSTEM32\CRYPTBASE.dll
0x00007ffaf4230000 - 0x00007ffaf4263000 	C:\WINDOWS\SYSTEM32\IPHLPAPI.DLL
0x00007ffaf7170000 - 0x00007ffaf717a000 	C:\WINDOWS\System32\NSI.dll
0x00007ffad9700000 - 0x00007ffad9709000 	C:\Program Files\Microsoft\jdk-21.0.6.7-hotspot\bin\extnet.dll
0x00007ffad96b0000 - 0x00007ffad96be000 	C:\Program Files\Microsoft\jdk-21.0.6.7-hotspot\bin\sunmscapi.dll
0x00007ffaf63b0000 - 0x00007ffaf6527000 	C:\WINDOWS\System32\CRYPT32.dll
0x00007ffaf5210000 - 0x00007ffaf5240000 	C:\WINDOWS\SYSTEM32\ncrypt.dll
0x00007ffaf51c0000 - 0x00007ffaf51ff000 	C:\WINDOWS\SYSTEM32\NTASN1.dll
0x00007ffaef500000 - 0x00007ffaef508000 	C:\WINDOWS\system32\wshunix.dll
0x00007ffacc680000 - 0x00007ffacc698000 	C:\WINDOWS\system32\napinsp.dll
0x00007ffaf42c0000 - 0x00007ffaf43e7000 	C:\WINDOWS\SYSTEM32\DNSAPI.dll
0x00007ffacc580000 - 0x00007ffacc592000 	C:\WINDOWS\System32\winrnr.dll
0x00007ffacc4f0000 - 0x00007ffacc520000 	C:\WINDOWS\system32\nlansp_c.dll
0x00007ffacc8b0000 - 0x00007ffacc8d0000 	C:\WINDOWS\system32\wshbth.dll
0x00007ffad8a30000 - 0x00007ffad8a3b000 	C:\Windows\System32\rasadhlp.dll
0x00007ffae9ee0000 - 0x00007ffae9f66000 	C:\WINDOWS\System32\fwpuclnt.dll

dbghelp: loaded successfully - version: 4.0.5 - missing functions: none
symbol engine: initialized successfully - sym options: 0x614 - pdb path: .;C:\Program Files\Microsoft\jdk-21.0.6.7-hotspot\bin;C:\WINDOWS\SYSTEM32;C:\WINDOWS\WinSxS\amd64_microsoft.windows.common-controls_6595b64144ccf1df_6.0.26100.3912_none_3e07963ce335137e;C:\Program Files\Microsoft\jdk-21.0.6.7-hotspot\bin\server;C:\Users\HP\.gradle\native\c067742578af261105cb4f569cf0c3c89f3d7b1fecec35dd04571415982c5e48\windows-amd64;C:\Users\HP\.gradle\native\100fb08df4bc3b14c8652ba06237920a3bd2aa13389f12d3474272988ae205f9\windows-amd64

VM Arguments:
jvm_args: -XX:MaxMetaspaceSize=4G -XX:ReservedCodeCacheSize=512m -XX:+HeapDumpOnOutOfMemoryError --add-opens=java.base/java.util=ALL-UNNAMED --add-opens=java.base/java.lang=ALL-UNNAMED --add-opens=java.base/java.lang.invoke=ALL-UNNAMED --add-opens=java.prefs/java.util.prefs=ALL-UNNAMED --add-exports=jdk.compiler/com.sun.tools.javac.api=ALL-UNNAMED --add-exports=jdk.compiler/com.sun.tools.javac.util=ALL-UNNAMED --add-opens=java.base/java.nio.charset=ALL-UNNAMED --add-opens=java.base/java.net=ALL-UNNAMED --add-opens=java.base/java.util.concurrent.atomic=ALL-UNNAMED -Xmx8G -Dfile.encoding=UTF-8 -Duser.country=IN -Duser.language=en -Duser.variant -javaagent:C:\Users\HP\.gradle\wrapper\dists\gradle-8.10.2-all\7iv73wktx1xtkvlq19urqw1wm\gradle-8.10.2\lib\agents\gradle-instrumentation-agent-8.10.2.jar 
java_command: org.gradle.launcher.daemon.bootstrap.GradleDaemon 8.10.2
java_class_path (initial): C:\Users\HP\.gradle\wrapper\dists\gradle-8.10.2-all\7iv73wktx1xtkvlq19urqw1wm\gradle-8.10.2\lib\gradle-daemon-main-8.10.2.jar
Launcher Type: SUN_STANDARD

[Global flags]
     intx CICompilerCount                          = 4                                         {product} {ergonomic}
     uint ConcGCThreads                            = 2                                         {product} {ergonomic}
     uint G1ConcRefinementThreads                  = 8                                         {product} {ergonomic}
   size_t G1HeapRegionSize                         = 4194304                                   {product} {ergonomic}
    uintx GCDrainStackTargetSize                   = 64                                        {product} {ergonomic}
     bool HeapDumpOnOutOfMemoryError               = true                                   {manageable} {command line}
   size_t InitialHeapSize                          = 67108864                                  {product} {ergonomic}
   size_t MarkStackSize                            = 4194304                                   {product} {ergonomic}
   size_t MaxHeapSize                              = 8589934592                                {product} {command line}
   size_t MaxMetaspaceSize                         = 4294967296                                {product} {command line}
   size_t MaxNewSize                               = 5150605312                                {product} {ergonomic}
   size_t MinHeapDeltaBytes                        = 4194304                                   {product} {ergonomic}
   size_t MinHeapSize                              = 8388608                                   {product} {ergonomic}
    uintx NonNMethodCodeHeapSize                   = 5839372                                {pd product} {ergonomic}
    uintx NonProfiledCodeHeapSize                  = 265515770                              {pd product} {ergonomic}
    uintx ProfiledCodeHeapSize                     = 265515770                              {pd product} {ergonomic}
    uintx ReservedCodeCacheSize                    = 536870912                              {pd product} {command line}
     bool SegmentedCodeCache                       = true                                      {product} {ergonomic}
   size_t SoftMaxHeapSize                          = 8589934592                             {manageable} {ergonomic}
     bool UseCompressedOops                        = true                           {product lp64_product} {ergonomic}
     bool UseG1GC                                  = true                                      {product} {ergonomic}
     bool UseLargePagesIndividualAllocation        = false                                  {pd product} {ergonomic}

Logging:
Log output configuration:
 #0: stdout all=warning uptime,level,tags foldmultilines=false
 #1: stderr all=off uptime,level,tags foldmultilines=false

Environment Variables:
JAVA_HOME=C:\Program Files\Microsoft\jdk-21.0.6.7-hotspot\
CLASSPATH=C:\Users\HP\Travelitin-Final\travelitin_services\travelitin\android\\gradle\wrapper\gradle-wrapper.jar
PATH=C:\Program Files\Common Files\Siemens\Automation\Simatic OAM\bin;c:\Users\HP\AppData\Local\Programs\cursor\resources\app\bin;C:\Program Files\Google\Chrome\Application;C:\Program Files\Microsoft\jdk-21.0.6.7-hotspot\bin;C:\Program Files (x86)\Common Files\Oracle\Java\java8path;C:\Program Files (x86)\Common Files\Oracle\Java\javapath;C:\WINDOWS\system32;C:\WINDOWS;C:\WINDOWS\System32\Wbem;C:\WINDOWS\System32\WindowsPowerShell\v1.0\;C:\WINDOWS\System32\OpenSSH\;C:\Users\HP\Python312;C:\Program Files\nodejs\;C:\Program Files\MongoDB\Server\8.0\bin;C:\Users\HP\Downloads\Scripts\;C:\Users\HP\Downloads\;C:\Users\HP\Personal\Scripts\;C:\Users\HP\Personal\;C:\Users\HP\AppData\Local\Programs\Python\Launcher\;C:\Users\HP\AppData\Local\Microsoft\WindowsApps;C:\Users\HP\Python312;C:\Users\HP\AppData\Roaming\npm;C:\Users\HP\AppData\Local\Programs\MiKTeX\miktex\bin\x64\;c:\Users\HP\AppData\Local\Programs\cursor\resources\app\bin;C:\Program Files\Git\cmd;C:\Flutter\src\flutter\bin;C:\Program Files\MySQL\MySQL Shell 8.0\bin\;C:\Users\HP\Downloads\Scripts\;C:\Users\HP\Downloads\;C:\Users\HP\Personal\Scripts\;C:\Users\HP\Personal\;C:\Users\HP\AppData\Local\Programs\Python\Launcher\;C:\Users\HP\AppData\Local\Microsoft\WindowsApps;C:\Users\HP\AppData\Local\Programs\Microsoft VS Code\bin;C:\Users\HP\Python312;C:\Users\HP\AppData\Roaming\npm;C:\Users\HP\AppData\Local\Programs\MiKTeX\miktex\bin\x64\;C:\Users\HP\AppData\Local\Programs\cursor\resources\app\bin;C:\Users\HP\AppData\Local\Programs\Windsurf\bin;
USERNAME=Raghuram S
OS=Windows_NT
PROCESSOR_IDENTIFIER=Intel64 Family 6 Model 142 Stepping 12, GenuineIntel
TMP=C:\Users\HP\AppData\Local\Temp
TEMP=C:\Users\HP\AppData\Local\Temp




Periodic native trim disabled

---------------  S Y S T E M  ---------------

OS:
 Windows 11 , 64 bit Build 26100 (10.0.26100.3912)
OS uptime: 1 days 0:25 hours

CPU: total 8 (initial active 8) (4 cores per cpu, 2 threads per core) family 6 model 142 stepping 12 microcode 0xfc, cx8, cmov, fxsr, ht, mmx, 3dnowpref, sse, sse2, sse3, ssse3, sse4.1, sse4.2, popcnt, lzcnt, tsc, tscinvbit, avx, avx2, aes, erms, clmul, bmi1, bmi2, adx, fma, vzeroupper, clflush, clflushopt, rdtscp, f16c
Processor Information for processor 0
  Max Mhz: 2112, Current Mhz: 1508, Mhz Limit: 1605
Processor Information for processor 1
  Max Mhz: 2112, Current Mhz: 1508, Mhz Limit: 1605
Processor Information for processor 2
  Max Mhz: 2112, Current Mhz: 1508, Mhz Limit: 1605
Processor Information for processor 3
  Max Mhz: 2112, Current Mhz: 1609, Mhz Limit: 1605
Processor Information for processor 4
  Max Mhz: 2112, Current Mhz: 1508, Mhz Limit: 1605
Processor Information for processor 5
  Max Mhz: 2112, Current Mhz: 1508, Mhz Limit: 1605
Processor Information for processor 6
  Max Mhz: 2112, Current Mhz: 1609, Mhz Limit: 1605
Processor Information for processor 7
  Max Mhz: 2112, Current Mhz: 1508, Mhz Limit: 1605

Memory: 4k page, system-wide physical 3899M (446M free)
TotalPageFile size 15675M (AvailPageFile size 36M)
current process WorkingSet (physical memory assigned to process): 437M, peak: 448M
current process commit charge ("private bytes"): 572M, peak: 583M

vm_info: OpenJDK 64-Bit Server VM (21.0.6+7-LTS) for windows-amd64 JRE (21.0.6+7-LTS), built on 2025-01-08T23:03:52Z by "MicrosoftCorporation" with unknown MS VC++:1939

END.
